Traceback (most recent call last):
  File "C:\Users\vibhu\AppData\Local\Programs\Python\Python310\lib\site-packages\jupyter_cache\executors\utils.py", line 51, in single_nb_execution
    executenb(
  File "C:\Users\vibhu\AppData\Local\Programs\Python\Python310\lib\site-packages\nbclient\client.py", line 1204, in execute
    return NotebookClient(nb=nb, resources=resources, km=km, **kwargs).execute()
  File "C:\Users\vibhu\AppData\Local\Programs\Python\Python310\lib\site-packages\nbclient\util.py", line 84, in wrapped
    return just_run(coro(*args, **kwargs))
  File "C:\Users\vibhu\AppData\Local\Programs\Python\Python310\lib\site-packages\nbclient\util.py", line 62, in just_run
    return loop.run_until_complete(coro)
  File "C:\Users\vibhu\AppData\Local\Programs\Python\Python310\lib\asyncio\base_events.py", line 646, in run_until_complete
    return future.result()
  File "C:\Users\vibhu\AppData\Local\Programs\Python\Python310\lib\site-packages\nbclient\client.py", line 663, in async_execute
    await self.async_execute_cell(
  File "C:\Users\vibhu\AppData\Local\Programs\Python\Python310\lib\site-packages\nbclient\client.py", line 965, in async_execute_cell
    await self._check_raise_for_error(cell, cell_index, exec_reply)
  File "C:\Users\vibhu\AppData\Local\Programs\Python\Python310\lib\site-packages\nbclient\client.py", line 862, in _check_raise_for_error
    raise CellExecutionError.from_cell_and_msg(cell, exec_reply_content)
nbclient.exceptions.CellExecutionError: An error occurred while executing the following cell:
------------------
def mass_bal(n_simulation, MA, MB, MC, R_A, R_B):
    
    A = np.zeros(n_simulation)
    B = np.zeros(n_simulation)
    C = np.zeros(n_simulation) 
    time  = np.arange(n_simulation)
    
    for i in range(0,n_simulation-1):
        A[0] = MA
        B[0] = MB
        C[0] = MC
        A[i+1] = A[i]-R_A*A[i]
        B[i+1] = B[i]+R_A*A[i]-R_B*B[i] 
        C[i+1] = C[i]+R_B*B[i]
        summ = A[i]+B[i]+C[i]
        
    d = {"Mass_A": A, "Mass_B": B, "Mass_C": C, "Total Mass": summ}
    df = pd.DataFrame(d) # Generating result table
    label = ["Mass A (g)", "Mass B (g)", "Mass C (g)"]
    fig = plt.figure(figsize=(6,4))
    plt.plot(time, A, time, B, time, C, linewidth=3);  # plotting the results
    plt.xlabel("Time [Time Unit]"); plt.ylabel("Mass [g]") # placing axis labels
    plt.legend(label, loc=0);plt.grid(); plt.xlim([0,20]); plt.ylim(bottom=0) # legends, grids, x,y limits
    plt.show() # display plot
    
    df_pane = pn.pane.DataFrame(df)
    return print(df.round(2)) 

N = widgets.BoundedIntText(value=20,min=0,max=100,step=1,description= '&Delta; t (day)',disabled=False)

A = widgets.BoundedFloatText(value=100,min=0,max=1000.0,step=1,description='M<sub>A</sub> (kg)',disabled=False)

B = widgets.BoundedFloatText(value=5,min=0,max=1000.0,step=1,description='M<sub>B</sub> (kg)',disabled=False)

C = widgets.BoundedFloatText(value=10,min=0,max=1000,step=0.1,description='M<sub>C</sub> (kg)',disabled=False)

RA = widgets.BoundedFloatText(value=0.2,min=0,max=100,step=0.1,description='R<sub>A</sub> (day<sup>-1 </sup>)',disabled=False)

RB = widgets.BoundedFloatText(value=0.2,min=0,max=100,step=0.1,description='R<sub>B</sub> (day<sup>-1 </sup>)',disabled=False)


interactive_plot = widgets.interactive(mass_bal, n_simulation = N, MA=A, MB=B, MC=C, R_A=RA, R_B=RB,)
output = interactive_plot.children[-1]  
#output.layout.height = '350px'
interactive_plot

------------------

[1;31m---------------------------------------------------------------------------[0m
[1;31mNameError[0m                                 Traceback (most recent call last)
Input [1;32mIn [8][0m, in [0;36m<cell line: 29>[1;34m()[0m
[0;32m     26[0m     df_pane [38;5;241m=[39m pn[38;5;241m.[39mpane[38;5;241m.[39mDataFrame(df)
[0;32m     27[0m     [38;5;28;01mreturn[39;00m [38;5;28mprint[39m(df[38;5;241m.[39mround([38;5;241m2[39m)) 
[1;32m---> 29[0m N [38;5;241m=[39m [43mwidgets[49m[38;5;241m.[39mBoundedIntText(value[38;5;241m=[39m[38;5;241m20[39m,[38;5;28mmin[39m[38;5;241m=[39m[38;5;241m0[39m,[38;5;28mmax[39m[38;5;241m=[39m[38;5;241m100[39m,step[38;5;241m=[39m[38;5;241m1[39m,description[38;5;241m=[39m [38;5;124m'[39m[38;5;124m&Delta; t (day)[39m[38;5;124m'[39m,disabled[38;5;241m=[39m[38;5;28;01mFalse[39;00m)
[0;32m     31[0m A [38;5;241m=[39m widgets[38;5;241m.[39mBoundedFloatText(value[38;5;241m=[39m[38;5;241m100[39m,[38;5;28mmin[39m[38;5;241m=[39m[38;5;241m0[39m,[38;5;28mmax[39m[38;5;241m=[39m[38;5;241m1000.0[39m,step[38;5;241m=[39m[38;5;241m1[39m,description[38;5;241m=[39m[38;5;124m'[39m[38;5;124mM<sub>A</sub> (kg)[39m[38;5;124m'[39m,disabled[38;5;241m=[39m[38;5;28;01mFalse[39;00m)
[0;32m     33[0m B [38;5;241m=[39m widgets[38;5;241m.[39mBoundedFloatText(value[38;5;241m=[39m[38;5;241m5[39m,[38;5;28mmin[39m[38;5;241m=[39m[38;5;241m0[39m,[38;5;28mmax[39m[38;5;241m=[39m[38;5;241m1000.0[39m,step[38;5;241m=[39m[38;5;241m1[39m,description[38;5;241m=[39m[38;5;124m'[39m[38;5;124mM<sub>B</sub> (kg)[39m[38;5;124m'[39m,disabled[38;5;241m=[39m[38;5;28;01mFalse[39;00m)

[1;31mNameError[0m: name 'widgets' is not defined
NameError: name 'widgets' is not defined

