Traceback (most recent call last):
  File "/home/prabhasyadav/anaconda3/lib/python3.8/site-packages/jupyter_cache/executors/utils.py", line 51, in single_nb_execution
    executenb(
  File "/home/prabhasyadav/anaconda3/lib/python3.8/site-packages/nbclient/client.py", line 1087, in execute
    return NotebookClient(nb=nb, resources=resources, km=km, **kwargs).execute()
  File "/home/prabhasyadav/anaconda3/lib/python3.8/site-packages/nbclient/util.py", line 74, in wrapped
    return just_run(coro(*args, **kwargs))
  File "/home/prabhasyadav/anaconda3/lib/python3.8/site-packages/nbclient/util.py", line 53, in just_run
    return loop.run_until_complete(coro)
  File "/home/prabhasyadav/anaconda3/lib/python3.8/asyncio/base_events.py", line 616, in run_until_complete
    return future.result()
  File "/home/prabhasyadav/anaconda3/lib/python3.8/site-packages/nbclient/client.py", line 540, in async_execute
    await self.async_execute_cell(
  File "/home/prabhasyadav/anaconda3/lib/python3.8/site-packages/nbclient/client.py", line 832, in async_execute_cell
    self._check_raise_for_error(cell, exec_reply)
  File "/home/prabhasyadav/anaconda3/lib/python3.8/site-packages/nbclient/client.py", line 740, in _check_raise_for_error
    raise CellExecutionError.from_cell_and_msg(cell, exec_reply['content'])
nbclient.exceptions.CellExecutionError: An error occurred while executing the following cell:
------------------
# The library used 

import numpy as np
import matplotlib.pyplot as plt
import pandas as pd

# the main programme
def aniso(a_d, ani_r):

# interim calculation
    a_r = a_d*np.pi/180

    i_xr = np.cos(a_r) # (-), rel. hyd grad. along x
    i_zr = np.sin(a_r) # (-), rel. hyd grad. along z
    K_h = 1 # (-), m/s K_h
    K_v = 1/ani_r # m/s, rel K_v
    f_x = -i_xr*K_h # m/s
    f_z = -i_zr*K_v # m/s
    f_m = np.sqrt(f_x*f_x+f_z*f_z) # m/s

    args = (K_h*i_xr*i_xr + K_v*i_zr*i_zr)/f_m
    an_i_f = ((np.pi-np.arccos(args))*180/np.pi)# deg,

# plots axes

    fig, (ax1, ax2) = plt.subplots(1, 2,figsize=(10,6), gridspec_kw={'width_ratios': [3, 1]})

# points for gradient and flux

    grad_px = [0, i_xr]#i_xr
    grad_pz = [0, i_zr]#i_zr

    flux_px = [0, f_x]
    flux_pz = [0, f_z]

# creating points for intersect lines (5 of them)

    p1=-0.5*i_zr; p2 = 0.5*i_zr; p3 =-0.5*i_zr+0.35*i_xr; p4 = 0.5*i_zr+0.35*i_xr; p5 = -0.5*i_zr+0.7*i_xr
    p6 = 0.5*i_zr+0.7*i_xr;p7 = -0.5*i_zr-0.35*i_xr; p8 = 0.5*i_zr-0.35*i_xr; p9 = -0.5*i_zr-0.7*i_xr;p10 =0.5*i_zr-0.7*i_xr

    q1=0.5*i_xr; q2 =- 0.5*i_xr; q3 =0.5*i_xr+0.35*i_zr; q4 = -0.5*i_xr+0.35*i_zr; q5 = 0.5*i_xr+0.7*i_zr
    q6 = -0.5*i_xr+0.7*i_zr;q7 = 0.5*i_xr-0.35*i_zr;q8 = -0.5*i_xr-0.35*i_zr; q9 = 0.5*i_xr-0.7*i_zr;q10 = -0.5*i_xr-0.7*i_zr

# plotted points
    l_1x =[p1, p2]; l_1y = [q1, q2]
    l_2x =[p3, p4]; l_2y = [q3, q4]
    l_3x =[p5, p6]; l_3y = [q5, q6]
    l_4x =[p7, p8]; l_4y = [q7, q8]
    l_5x =[p9, p10]; l_5y = [q9, q10]


# creating points for anisotropy
    r1 =1.05 if ani_r >= 1 else 1.5-0.45*ani_r
    r2 = 1.95 if ani_r >= 1 else 1.5+0.45*ani_r
    r3 = 0.5*(r1+r2); r4 = r3

    s1 = -0.5; s2 = s1
    s3 = -0.05 if ani_r<=1 else -0.5+0.45/ani_r
    s4 = -0.95 if ani_r<=1 else -0.5-0.45/ani_r

# plotted points
    Iso_1x = [r1, r2]; Iso_1y = [s1, s2]
    Iso_2x = [r3, r4]; Iso_2y = [s3, s4]
    Iso_x =[r1, r2, r3, r4]; Iso_y = [s1,s2,s3,s4]

# plotting all points

# plotting gradient/flux lines

    ax1.plot(grad_px, grad_pz, "g", label=" gradient") # plotting gradient
    ax1.plot(flux_px, flux_pz, "r", label=" flux") # plotting flux

# plotting intersect lines 
    ax1.plot(l_1x, l_1y, "b", label = "head isoline")
    ax1.plot(l_2x, l_2y, "b")
    ax1.plot(l_3x, l_3y, "b")
    ax1.plot(l_4x, l_4y, "b")
    ax1.plot(l_5x, l_5y, "b")
    ax1.legend()


    ax1.spines['left'].set_position('center') # bring the axis lines in center
    ax1.spines['bottom'].set_position('center')
    ax1.spines['right'].set_color('none') # remove the top box
    ax1.spines['top'].set_color('none') 
    ax1.set_xticks([]);ax1.set_yticks([]); # remove the ticks
    ax1.set_title("Anisotropy flux and gradient", y=0, pad=-25, verticalalignment="top")


# plotting Anisotropy
    ax2.plot(Iso_1x, Iso_1y, "k", label = r"$K_h: K_v$")
    ax2.plot(Iso_2x, Iso_2y, "k")
    ax2.legend(bbox_to_anchor=(-0.4, -0.05), loc='lower left')
    ax2.set_xlim(1, 2)
    ax2.set_ylim(-1, 1)
    ax2.axis('off')
    ax2.set_title("Anisotropy ratio", y=0, pad=-25, verticalalignment="top");

interactive(aniso,
         a_d=widgets.BoundedFloatText(value=45, min=0, max=360, step=0.5, description=r'angle (\(^\circ\))', disabled=False),
         ani_r=widgets.BoundedIntText(value=1, min=1, max=100, step=1, description=r'\( K_h/K_v \)', disabled=False),)
    
------------------

[0;31m---------------------------------------------------------------------------[0m
[0;31mNameError[0m                                 Traceback (most recent call last)
[0;32m<ipython-input-1-63f56871ade1>[0m in [0;36m<module>[0;34m[0m
[1;32m     97[0m     [0max2[0m[0;34m.[0m[0mset_title[0m[0;34m([0m[0;34m"Anisotropy ratio"[0m[0;34m,[0m [0my[0m[0;34m=[0m[0;36m0[0m[0;34m,[0m [0mpad[0m[0;34m=[0m[0;34m-[0m[0;36m25[0m[0;34m,[0m [0mverticalalignment[0m[0;34m=[0m[0;34m"top"[0m[0;34m)[0m[0;34m;[0m[0;34m[0m[0;34m[0m[0m
[1;32m     98[0m [0;34m[0m[0m
[0;32m---> 99[0;31m interactive(aniso,
[0m[1;32m    100[0m          [0ma_d[0m[0;34m=[0m[0mwidgets[0m[0;34m.[0m[0mBoundedFloatText[0m[0;34m([0m[0mvalue[0m[0;34m=[0m[0;36m45[0m[0;34m,[0m [0mmin[0m[0;34m=[0m[0;36m0[0m[0;34m,[0m [0mmax[0m[0;34m=[0m[0;36m360[0m[0;34m,[0m [0mstep[0m[0;34m=[0m[0;36m0.5[0m[0;34m,[0m [0mdescription[0m[0;34m=[0m[0;34mr'angle (\(^\circ\))'[0m[0;34m,[0m [0mdisabled[0m[0;34m=[0m[0;32mFalse[0m[0;34m)[0m[0;34m,[0m[0;34m[0m[0;34m[0m[0m
[1;32m    101[0m          ani_r=widgets.BoundedIntText(value=1, min=1, max=100, step=1, description=r'\( K_h/K_v \)', disabled=False),)

[0;31mNameError[0m: name 'interactive' is not defined
NameError: name 'interactive' is not defined

