This is pdfTeX, Version 3.14159265-2.6-1.40.21 (TeX Live 2020) (preloaded format=pdflatex 2020.10.1)  6 DEC 2020 21:09
entering extended mode
 restricted \write18 enabled.
 %&-line parsing enabled.
**Groundwater_1.tex
(./Groundwater_1.tex
LaTeX2e <2020-02-02> patch level 5
L3 programming layer <2020-03-06> (./sphinxmanual.cls
Document Class: sphinxmanual 2019/12/01 v2.3.0 Document class (Sphinx manual)
(/usr/local/texlive/2020/texmf-dist/tex/latex/base/report.cls
Document Class: report 2019/12/20 v1.4l Standard LaTeX document class
(/usr/local/texlive/2020/texmf-dist/tex/latex/base/size10.clo
File: size10.clo 2019/12/20 v1.4l Standard LaTeX file (size option)
)
\c@part=\count167
\c@chapter=\count168
\c@section=\count169
\c@subsection=\count170
\c@subsubsection=\count171
\c@paragraph=\count172
\c@subparagraph=\count173
\c@figure=\count174
\c@table=\count175
\abovecaptionskip=\skip47
\belowcaptionskip=\skip48
\bibindent=\dimen134
)
LaTeX Info: Redefining \and on input line 35.
)
(/usr/local/texlive/2020/texmf-dist/tex/latex/base/inputenc.sty
Package: inputenc 2018/08/11 v1.3c Input encoding file
\inpenc@prehook=\toks15
\inpenc@posthook=\toks16
)
   defining Unicode char U+00A0 (decimal 160)
   defining Unicode char U+2500 (decimal 9472)
   defining Unicode char U+2502 (decimal 9474)
   defining Unicode char U+2514 (decimal 9492)
   defining Unicode char U+251C (decimal 9500)
   defining Unicode char U+2572 (decimal 9586)

(/usr/local/texlive/2020/texmf-dist/tex/latex/cmap/cmap.sty
Package: cmap 2008/03/06 v1.0h CMap support: searchable PDF
)
(/usr/local/texlive/2020/texmf-dist/tex/latex/base/fontenc.sty
Package: fontenc 2020/02/11 v2.0o Standard LaTeX package
<<t1.cmap>>)
(/usr/local/texlive/2020/texmf-dist/tex/latex/amsmath/amsmath.sty
Package: amsmath 2020/01/20 v2.17e AMS math features
\@mathmargin=\skip49

For additional information on amsmath, use the `?' option.
(/usr/local/texlive/2020/texmf-dist/tex/latex/amsmath/amstext.sty
Package: amstext 2000/06/29 v2.01 AMS text

(/usr/local/texlive/2020/texmf-dist/tex/latex/amsmath/amsgen.sty
File: amsgen.sty 1999/11/30 v2.0 generic functions
\@emptytoks=\toks17
\ex@=\dimen135
))
(/usr/local/texlive/2020/texmf-dist/tex/latex/amsmath/amsbsy.sty
Package: amsbsy 1999/11/29 v1.2d Bold Symbols
\pmbraise@=\dimen136
)
(/usr/local/texlive/2020/texmf-dist/tex/latex/amsmath/amsopn.sty
Package: amsopn 2016/03/08 v2.02 operator names
)
\inf@bad=\count176
LaTeX Info: Redefining \frac on input line 227.
\uproot@=\count177
\leftroot@=\count178
LaTeX Info: Redefining \overline on input line 389.
\classnum@=\count179
\DOTSCASE@=\count180
LaTeX Info: Redefining \ldots on input line 486.
LaTeX Info: Redefining \dots on input line 489.
LaTeX Info: Redefining \cdots on input line 610.
\Mathstrutbox@=\box45
\strutbox@=\box46
\big@size=\dimen137
LaTeX Font Info:    Redeclaring font encoding OML on input line 733.
LaTeX Font Info:    Redeclaring font encoding OMS on input line 734.
\macc@depth=\count181
\c@MaxMatrixCols=\count182
\dotsspace@=\muskip16
\c@parentequation=\count183
\dspbrk@lvl=\count184
\tag@help=\toks18
\row@=\count185
\column@=\count186
\maxfields@=\count187
\andhelp@=\toks19
\eqnshift@=\dimen138
\alignsep@=\dimen139
\tagshift@=\dimen140
\tagwidth@=\dimen141
\totwidth@=\dimen142
\lineht@=\dimen143
\@envbody=\toks20
\multlinegap=\skip50
\multlinetaggap=\skip51
\mathdisplay@stack=\toks21
LaTeX Info: Redefining \[ on input line 2859.
LaTeX Info: Redefining \] on input line 2860.
)
(/usr/local/texlive/2020/texmf-dist/tex/latex/amsfonts/amssymb.sty
Package: amssymb 2013/01/14 v3.01 AMS font symbols

(/usr/local/texlive/2020/texmf-dist/tex/latex/amsfonts/amsfonts.sty
Package: amsfonts 2013/01/14 v3.01 Basic AMSFonts support
\symAMSa=\mathgroup4
\symAMSb=\mathgroup5
LaTeX Font Info:    Redeclaring math symbol \hbar on input line 98.
LaTeX Font Info:    Overwriting math alphabet `\mathfrak' in version `bold'
(Font)                  U/euf/m/n --> U/euf/b/n on input line 106.
))
(/usr/local/texlive/2020/texmf-dist/tex/generic/babel/babel.sty
Package: babel 2020/03/22 3.42 The Babel package

(/usr/local/texlive/2020/texmf-dist/tex/generic/babel/switch.def
File: switch.def 2020/03/22 3.42 Babel switching mechanism
)
(/usr/local/texlive/2020/texmf-dist/tex/generic/babel-english/english.ldf
Language: english 2017/06/06 v3.3r English support from the babel system

(/usr/local/texlive/2020/texmf-dist/tex/generic/babel/babel.def
File: babel.def 2020/03/22 3.42 Babel common definitions
\babel@savecnt=\count188
\U@D=\dimen144

(/usr/local/texlive/2020/texmf-dist/tex/generic/babel/txtbabel.def)
\bbl@readstream=\read2
\bbl@dirlevel=\count189
)
Package babel Info: \l@canadian = using hyphenrules for english
(babel)             (\language0) on input line 102.
Package babel Info: \l@australian = using hyphenrules for ukenglish
(babel)             (\language21) on input line 105.
Package babel Info: \l@newzealand = using hyphenrules for ukenglish
(babel)             (\language21) on input line 108.
))
(/usr/local/texlive/2020/texmf-dist/tex/latex/psnfss/times.sty
Package: times 2005/04/12 PSNFSS-v9.2a (SPQR) 
)
(/usr/local/texlive/2020/texmf-dist/tex/latex/fncychap/fncychap.sty
Package: fncychap 2007/07/30 v1.34 LaTeX package (Revised chapters)
\RW=\skip52
\mylen=\skip53
\myhi=\skip54
\px=\skip55
\py=\skip56
\pyy=\skip57
\pxx=\skip58
\c@AlphaCnt=\count190
\c@AlphaDecCnt=\count191
)
(./sphinx.sty
Package: sphinx 2019/09/02 v2.3.0 LaTeX package (Sphinx markup)

(/usr/local/texlive/2020/texmf-dist/tex/generic/ltxcmds/ltxcmds.sty
Package: ltxcmds 2019/12/15 v1.24 LaTeX kernel commands for general use (HO)
)
(/usr/local/texlive/2020/texmf-dist/tex/latex/graphics/graphicx.sty
Package: graphicx 2019/11/30 v1.2a Enhanced LaTeX Graphics (DPC,SPQR)

(/usr/local/texlive/2020/texmf-dist/tex/latex/graphics/keyval.sty
Package: keyval 2014/10/28 v1.15 key=value parser (DPC)
\KV@toks@=\toks22
)
(/usr/local/texlive/2020/texmf-dist/tex/latex/graphics/graphics.sty
Package: graphics 2019/11/30 v1.4a Standard LaTeX Graphics (DPC,SPQR)

(/usr/local/texlive/2020/texmf-dist/tex/latex/graphics/trig.sty
Package: trig 2016/01/03 v1.10 sin cos tan (DPC)
)
(/usr/local/texlive/2020/texmf-dist/tex/latex/graphics-cfg/graphics.cfg
File: graphics.cfg 2016/06/04 v1.11 sample graphics configuration
)
Package graphics Info: Driver file: pdftex.def on input line 105.

(/usr/local/texlive/2020/texmf-dist/tex/latex/graphics-def/pdftex.def
File: pdftex.def 2018/01/08 v1.0l Graphics/color driver for pdftex
))
\Gin@req@height=\dimen145
\Gin@req@width=\dimen146
)
(/usr/local/texlive/2020/texmf-dist/tex/latex/fancyhdr/fancyhdr.sty
Package: fancyhdr 2019/01/31 v3.10 Extensive control of page headers and footer
s
\f@nch@headwidth=\skip59
\f@nch@O@elh=\skip60
\f@nch@O@erh=\skip61
\f@nch@O@olh=\skip62
\f@nch@O@orh=\skip63
\f@nch@O@elf=\skip64
\f@nch@O@erf=\skip65
\f@nch@O@olf=\skip66
\f@nch@O@orf=\skip67
)
(/usr/local/texlive/2020/texmf-dist/tex/latex/base/textcomp.sty
Package: textcomp 2020/02/02 v2.0n Standard LaTeX package
)
(/usr/local/texlive/2020/texmf-dist/tex/latex/titlesec/titlesec.sty
Package: titlesec 2019/10/16 v2.13 Sectioning titles
\ttl@box=\box47
\beforetitleunit=\skip68
\aftertitleunit=\skip69
\ttl@plus=\dimen147
\ttl@minus=\dimen148
\ttl@toksa=\toks23
\titlewidth=\dimen149
\titlewidthlast=\dimen150
\titlewidthfirst=\dimen151
)
(/usr/local/texlive/2020/texmf-dist/tex/latex/tabulary/tabulary.sty
Package: tabulary 2014/06/11 v0.10 tabulary package (DPC)

(/usr/local/texlive/2020/texmf-dist/tex/latex/tools/array.sty
Package: array 2019/08/31 v2.4l Tabular extension package (FMi)
\col@sep=\dimen152
\ar@mcellbox=\box48
\extrarowheight=\dimen153
\NC@list=\toks24
\extratabsurround=\skip70
\backup@length=\skip71
\ar@cellbox=\box49
)
\TY@count=\count192
\TY@linewidth=\dimen154
\tymin=\dimen155
\tymax=\dimen156
\TY@tablewidth=\dimen157
)
(/usr/local/texlive/2020/texmf-dist/tex/latex/tools/longtable.sty
Package: longtable 2020/01/07 v4.13 Multi-page Table package (DPC)
\LTleft=\skip72
\LTright=\skip73
\LTpre=\skip74
\LTpost=\skip75
\LTchunksize=\count193
\LTcapwidth=\dimen158
\LT@head=\box50
\LT@firsthead=\box51
\LT@foot=\box52
\LT@lastfoot=\box53
\LT@cols=\count194
\LT@rows=\count195
\c@LT@tables=\count196
\c@LT@chunks=\count197
\LT@p@ftn=\toks25
)
(/usr/local/texlive/2020/texmf-dist/tex/latex/varwidth/varwidth.sty
Package: varwidth 2009/03/30 ver 0.92;  Variable-width minipages
\@vwid@box=\box54
\sift@deathcycles=\count198
\@vwid@loff=\dimen159
\@vwid@roff=\dimen160
)
(./sphinxmulticell.sty
Package: sphinxmulticell 2017/02/23 v1.6 better span rows and columns of a tabl
e (Sphinx team)
\sphinx@TY@tablewidth=\dimen161
)
(/usr/local/texlive/2020/texmf-dist/tex/latex/base/makeidx.sty
Package: makeidx 2014/09/29 v1.0m Standard LaTeX package
)
(/usr/local/texlive/2020/texmf-dist/tex/latex/framed/framed.sty
Package: framed 2011/10/22 v 0.96: framed or shaded text with page breaks
\OuterFrameSep=\skip76
\fb@frw=\dimen162
\fb@frh=\dimen163
\FrameRule=\dimen164
\FrameSep=\dimen165
)
(/usr/local/texlive/2020/texmf-dist/tex/latex/xcolor/xcolor.sty
Package: xcolor 2016/05/11 v2.12 LaTeX color extensions (UK)

(/usr/local/texlive/2020/texmf-dist/tex/latex/graphics-cfg/color.cfg
File: color.cfg 2016/01/02 v1.6 sample color configuration
)
Package xcolor Info: Driver file: pdftex.def on input line 225.
Package xcolor Info: Model `cmy' substituted by `cmy0' on input line 1348.
Package xcolor Info: Model `hsb' substituted by `rgb' on input line 1352.
Package xcolor Info: Model `RGB' extended on input line 1364.
Package xcolor Info: Model `HTML' substituted by `rgb' on input line 1366.
Package xcolor Info: Model `Hsb' substituted by `hsb' on input line 1367.
Package xcolor Info: Model `tHsb' substituted by `hsb' on input line 1368.
Package xcolor Info: Model `HSB' substituted by `hsb' on input line 1369.
Package xcolor Info: Model `Gray' substituted by `gray' on input line 1370.
Package xcolor Info: Model `wave' substituted by `hsb' on input line 1371.
)
(/usr/local/texlive/2020/texmf-dist/tex/latex/fancyvrb/fancyvrb.sty
Package: fancyvrb 2020/01/13 v3.5 verbatim text (tvz,hv)
\FV@CodeLineNo=\count199
\FV@InFile=\read3
\FV@TabBox=\box55
\c@FancyVerbLine=\count266
\FV@StepNumber=\count267
\FV@OutFile=\write3
)
(./footnotehyper-sphinx.sty
Package: footnotehyper-sphinx 2017/10/27 v1.7 hyperref aware footnote.sty for s
phinx (JFB)
\FNH@notes=\box56
\FNH@width=\dimen166
)
(/usr/local/texlive/2020/texmf-dist/tex/latex/float/float.sty
Package: float 2001/11/08 v1.3d Float enhancements (AL)
\c@float@type=\count268
\float@exts=\toks26
\float@box=\box57
\@float@everytoks=\toks27
\@floatcapt=\box58
)
(/usr/local/texlive/2020/texmf-dist/tex/latex/wrapfig/wrapfig.sty
\wrapoverhang=\dimen167
\WF@size=\dimen168
\c@WF@wrappedlines=\count269
\WF@box=\box59
\WF@everypar=\toks28
Package: wrapfig 2003/01/31  v 3.6
)
(/usr/local/texlive/2020/texmf-dist/tex/latex/parskip/parskip.sty
Rollback for package 'parskip' requested -> version 'v1'.
         This corresponds to the release introduced on 2001-04-09.

(/usr/local/texlive/2020/texmf-dist/tex/latex/parskip/parskip-2001-04-09.sty
Package: parskip 2001/04/09 non-zero parskip adjustments
))
(/usr/local/texlive/2020/texmf-dist/tex/latex/base/alltt.sty
Package: alltt 1997/06/16 v2.0g defines alltt environment
)
(/usr/local/texlive/2020/texmf-dist/tex/latex/upquote/upquote.sty
Package: upquote 2012/04/19 v1.3 upright-quote and grave-accent glyphs in verba
tim
)
(/usr/local/texlive/2020/texmf-dist/tex/latex/capt-of/capt-of.sty
Package: capt-of 2009/12/29 v0.2 standard captions outside of floats
)
(/usr/local/texlive/2020/texmf-dist/tex/latex/needspace/needspace.sty
Package: needspace 2010/09/12 v1.3d reserve vertical space
)
(./sphinxhighlight.sty
Package: sphinxhighlight 2016/05/29 stylesheet for highlighting with pygments
)
(/usr/local/texlive/2020/texmf-dist/tex/latex/kvoptions/kvoptions.sty
Package: kvoptions 2019/11/29 v3.13 Key value format for package options (HO)

(/usr/local/texlive/2020/texmf-dist/tex/generic/kvsetkeys/kvsetkeys.sty
Package: kvsetkeys 2019/12/15 v1.18 Key value parser (HO)
))
\sphinxverbatimsep=\dimen169
\sphinxverbatimborder=\dimen170
\sphinxshadowsep=\dimen171
\sphinxshadowsize=\dimen172
\sphinxshadowrule=\dimen173
\spx@notice@border=\dimen174
\spx@image@maxheight=\dimen175
\spx@image@box=\dimen176
\c@literalblock=\count270
\sphinxcontinuationbox=\box60
\sphinxvisiblespacebox=\box61
\sphinxVerbatim@TitleBox=\box62
\sphinxVerbatim@ContentsBox=\box63
\py@argswidth=\skip77
\lineblockindentation=\skip78
\DUlineblockindent=\skip79
)
(/usr/local/texlive/2020/texmf-dist/tex/latex/geometry/geometry.sty
Package: geometry 2020/01/02 v5.9 Page Geometry

(/usr/local/texlive/2020/texmf-dist/tex/generic/iftex/ifvtex.sty
Package: ifvtex 2019/10/25 v1.7 ifvtex legacy package. Use iftex instead.

(/usr/local/texlive/2020/texmf-dist/tex/generic/iftex/iftex.sty
Package: iftex 2020/03/06 v1.0d TeX engine tests
))
\Gm@cnth=\count271
\Gm@cntv=\count272
\c@Gm@tempcnt=\count273
\Gm@bindingoffset=\dimen177
\Gm@wd@mp=\dimen178
\Gm@odd@mp=\dimen179
\Gm@even@mp=\dimen180
\Gm@layoutwidth=\dimen181
\Gm@layoutheight=\dimen182
\Gm@layouthoffset=\dimen183
\Gm@layoutvoffset=\dimen184
\Gm@dimlist=\toks29
)
(/usr/local/texlive/2020/texmf-dist/tex/latex/hyperref/hyperref.sty
Package: hyperref 2020/01/14 v7.00d Hypertext links for LaTeX

(/usr/local/texlive/2020/texmf-dist/tex/latex/pdftexcmds/pdftexcmds.sty
Package: pdftexcmds 2019/11/24 v0.31 Utility functions of pdfTeX for LuaTeX (HO
)

(/usr/local/texlive/2020/texmf-dist/tex/generic/infwarerr/infwarerr.sty
Package: infwarerr 2019/12/03 v1.5 Providing info/warning/error messages (HO)
)
Package pdftexcmds Info: \pdf@primitive is available.
Package pdftexcmds Info: \pdf@ifprimitive is available.
Package pdftexcmds Info: \pdfdraftmode found.
)
(/usr/local/texlive/2020/texmf-dist/tex/generic/kvdefinekeys/kvdefinekeys.sty
Package: kvdefinekeys 2019-12-19 v1.6 Define keys (HO)
)
(/usr/local/texlive/2020/texmf-dist/tex/generic/pdfescape/pdfescape.sty
Package: pdfescape 2019/12/09 v1.15 Implements pdfTeX's escape features (HO)
)
(/usr/local/texlive/2020/texmf-dist/tex/latex/hycolor/hycolor.sty
Package: hycolor 2020-01-27 v1.10 Color options for hyperref/bookmark (HO)
)
(/usr/local/texlive/2020/texmf-dist/tex/latex/letltxmacro/letltxmacro.sty
Package: letltxmacro 2019/12/03 v1.6 Let assignment for LaTeX macros (HO)
)
(/usr/local/texlive/2020/texmf-dist/tex/latex/auxhook/auxhook.sty
Package: auxhook 2019-12-17 v1.6 Hooks for auxiliary files (HO)
)
\@linkdim=\dimen185
\Hy@linkcounter=\count274
\Hy@pagecounter=\count275

(/usr/local/texlive/2020/texmf-dist/tex/latex/hyperref/pd1enc.def
File: pd1enc.def 2020/01/14 v7.00d Hyperref: PDFDocEncoding definition (HO)
Now handling font encoding PD1 ...
... no UTF-8 mapping file for font encoding PD1
)
(/usr/local/texlive/2020/texmf-dist/tex/generic/intcalc/intcalc.sty
Package: intcalc 2019/12/15 v1.3 Expandable calculations with integers (HO)
)
(/usr/local/texlive/2020/texmf-dist/tex/generic/etexcmds/etexcmds.sty
Package: etexcmds 2019/12/15 v1.7 Avoid name clashes with e-TeX commands (HO)
)
\Hy@SavedSpaceFactor=\count276
Package hyperref Info: Option `unicode' set `true' on input line 4421.

(/usr/local/texlive/2020/texmf-dist/tex/latex/hyperref/puenc.def
File: puenc.def 2020/01/14 v7.00d Hyperref: PDF Unicode definition (HO)
Now handling font encoding PU ...
... no UTF-8 mapping file for font encoding PU
)
Package hyperref Info: Option `colorlinks' set `true' on input line 4421.
Package hyperref Info: Option `breaklinks' set `true' on input line 4421.
Package hyperref Info: Hyper figures OFF on input line 4547.
Package hyperref Info: Link nesting OFF on input line 4552.
Package hyperref Info: Hyper index ON on input line 4555.
Package hyperref Info: Plain pages OFF on input line 4562.
Package hyperref Info: Backreferencing OFF on input line 4567.
Package hyperref Info: Implicit mode ON; LaTeX internals redefined.
Package hyperref Info: Bookmarks ON on input line 4800.
\c@Hy@tempcnt=\count277

(/usr/local/texlive/2020/texmf-dist/tex/latex/url/url.sty
\Urlmuskip=\muskip17
Package: url 2013/09/16  ver 3.4  Verb mode for urls, etc.
)
LaTeX Info: Redefining \url on input line 5159.
\XeTeXLinkMargin=\dimen186

(/usr/local/texlive/2020/texmf-dist/tex/generic/bitset/bitset.sty
Package: bitset 2019/12/09 v1.3 Handle bit-vector datatype (HO)

(/usr/local/texlive/2020/texmf-dist/tex/generic/bigintcalc/bigintcalc.sty
Package: bigintcalc 2019/12/15 v1.5 Expandable calculations on big integers (HO
)
))
\Fld@menulength=\count278
\Field@Width=\dimen187
\Fld@charsize=\dimen188
Package hyperref Info: Hyper figures OFF on input line 6430.
Package hyperref Info: Link nesting OFF on input line 6435.
Package hyperref Info: Hyper index ON on input line 6438.
Package hyperref Info: backreferencing OFF on input line 6445.
Package hyperref Info: Link coloring ON on input line 6448.
Package hyperref Info: Link coloring with OCG OFF on input line 6455.
Package hyperref Info: PDF/A mode OFF on input line 6460.
LaTeX Info: Redefining \ref on input line 6500.
LaTeX Info: Redefining \pageref on input line 6504.

(/usr/local/texlive/2020/texmf-dist/tex/generic/atbegshi/atbegshi.sty
Package: atbegshi 2019/12/05 v1.19 At begin shipout hook (HO)
)
\Hy@abspage=\count279
\c@Item=\count280
\c@Hfootnote=\count281
)
Package hyperref Info: Driver (autodetected): hpdftex.

(/usr/local/texlive/2020/texmf-dist/tex/latex/hyperref/hpdftex.def
File: hpdftex.def 2020/01/14 v7.00d Hyperref driver for pdfTeX

(/usr/local/texlive/2020/texmf-dist/tex/latex/atveryend/atveryend.sty
Package: atveryend 2019-12-11 v1.11 Hooks at the very end of document (HO)
Package atveryend Info: \enddocument detected (standard20110627).
)
\Fld@listcount=\count282
\c@bookmark@seq@number=\count283

(/usr/local/texlive/2020/texmf-dist/tex/latex/rerunfilecheck/rerunfilecheck.sty
Package: rerunfilecheck 2019/12/05 v1.9 Rerun checks for auxiliary files (HO)

(/usr/local/texlive/2020/texmf-dist/tex/generic/uniquecounter/uniquecounter.sty
Package: uniquecounter 2019/12/15 v1.4 Provide unlimited unique counter (HO)
)
Package uniquecounter Info: New unique counter `rerunfilecheck' on input line 2
86.
)
\Hy@SectionHShift=\skip80
) (/usr/local/texlive/2020/texmf-dist/tex/latex/oberdiek/hypcap.sty
Package: hypcap 2016/05/16 v1.12 Adjusting the anchors of captions (HO)
)
(./sphinxmessages.sty
Package: sphinxmessages 2019/01/04 v2.0 Localized LaTeX macros (Sphinx team)
)
\@indexfile=\write4
\openout4 = `Groundwater_1.idx'.


Writing index file Groundwater_1.idx
(/usr/local/texlive/2020/texmf-dist/tex/latex/l3backend/l3backend-pdfmode.def
File: l3backend-pdfmode.def 2020-03-12 L3 backend support: PDF mode
\l__kernel_color_stack_int=\count284
\l__pdf_internal_box=\box64
)
(./Groundwater_1.aux)
\openout1 = `Groundwater_1.aux'.

LaTeX Font Info:    Checking defaults for OML/cmm/m/it on input line 83.
LaTeX Font Info:    ... okay on input line 83.
LaTeX Font Info:    Checking defaults for OMS/cmsy/m/n on input line 83.
LaTeX Font Info:    ... okay on input line 83.
LaTeX Font Info:    Checking defaults for OT1/cmr/m/n on input line 83.
LaTeX Font Info:    ... okay on input line 83.
LaTeX Font Info:    Checking defaults for T1/cmr/m/n on input line 83.
LaTeX Font Info:    ... okay on input line 83.
LaTeX Font Info:    Checking defaults for TS1/cmr/m/n on input line 83.
LaTeX Font Info:    ... okay on input line 83.
LaTeX Font Info:    Checking defaults for OMX/cmex/m/n on input line 83.
LaTeX Font Info:    ... okay on input line 83.
LaTeX Font Info:    Checking defaults for U/cmr/m/n on input line 83.
LaTeX Font Info:    ... okay on input line 83.
LaTeX Font Info:    Checking defaults for PD1/pdf/m/n on input line 83.
LaTeX Font Info:    ... okay on input line 83.
LaTeX Font Info:    Checking defaults for PU/pdf/m/n on input line 83.
LaTeX Font Info:    ... okay on input line 83.
LaTeX Font Info:    Trying to load font information for T1+ptm on input line 83
.

(/usr/local/texlive/2020/texmf-dist/tex/latex/psnfss/t1ptm.fd
File: t1ptm.fd 2001/06/04 font definitions for T1/ptm.
)
(/usr/local/texlive/2020/texmf-dist/tex/context/base/mkii/supp-pdf.mkii
[Loading MPS to PDF converter (version 2006.09.02).]
\scratchcounter=\count285
\scratchdimen=\dimen189
\scratchbox=\box65
\nofMPsegments=\count286
\nofMParguments=\count287
\everyMPshowfont=\toks30
\MPscratchCnt=\count288
\MPscratchDim=\dimen190
\MPnumerator=\count289
\makeMPintoPDFobject=\count290
\everyMPtoPDFconversion=\toks31
) (/usr/local/texlive/2020/texmf-dist/tex/latex/epstopdf-pkg/epstopdf-base.sty
Package: epstopdf-base 2020-01-24 v2.11 Base part for package epstopdf
Package epstopdf-base Info: Redefining graphics rule for `.eps' on input line 4
85.

(/usr/local/texlive/2020/texmf-dist/tex/latex/latexconfig/epstopdf-sys.cfg
File: epstopdf-sys.cfg 2010/07/13 v1.3 Configuration of (r)epstopdf for TeX Liv
e
))
*geometry* driver: auto-detecting
*geometry* detected driver: pdftex
*geometry* verbose mode - [ preamble ] result:
* driver: pdftex
* paper: letterpaper
* layout: <same size as paper>
* layoutoffset:(h,v)=(0.0pt,0.0pt)
* modes: twoside 
* h-part:(L,W,R)=(72.26999pt, 469.75502pt, 72.26999pt)
* v-part:(T,H,B)=(72.26999pt, 650.43001pt, 72.26999pt)
* \paperwidth=614.295pt
* \paperheight=794.96999pt
* \textwidth=469.75502pt
* \textheight=650.43001pt
* \oddsidemargin=0.0pt
* \evensidemargin=0.0pt
* \topmargin=-37.0pt
* \headheight=12.0pt
* \headsep=25.0pt
* \topskip=10.0pt
* \footskip=30.0pt
* \marginparwidth=36.135pt
* \marginparsep=11.0pt
* \columnsep=10.0pt
* \skip\footins=9.0pt plus 4.0pt minus 2.0pt
* \hoffset=0.0pt
* \voffset=0.0pt
* \mag=1000
* \@twocolumnfalse
* \@twosidetrue
* \@mparswitchtrue
* \@reversemarginfalse
* (1in=72.27pt=25.4mm, 1cm=28.453pt)

\AtBeginShipoutBox=\box66
Package hyperref Info: Link coloring ON on input line 83.
(/usr/local/texlive/2020/texmf-dist/tex/latex/hyperref/nameref.sty
Package: nameref 2019/09/16 v2.46 Cross-referencing by name of section

(/usr/local/texlive/2020/texmf-dist/tex/latex/refcount/refcount.sty
Package: refcount 2019/12/15 v3.6 Data extraction from label references (HO)
)
(/usr/local/texlive/2020/texmf-dist/tex/generic/gettitlestring/gettitlestring.s
ty
Package: gettitlestring 2019/12/15 v1.6 Cleanup title references (HO)
)
\c@section@level=\count291
)
LaTeX Info: Redefining \ref on input line 83.
LaTeX Info: Redefining \pageref on input line 83.
LaTeX Info: Redefining \nameref on input line 83.
\@outlinefile=\write5
\openout5 = `Groundwater_1.out'.

Package hyperref Info: Option `pageanchor' set `false' on input line 86.


Package hyperref Warning: Token not allowed in a PDF string (Unicode):
(hyperref)                removing `\spacefactor' on input line 86.


Package hyperref Warning: Token not allowed in a PDF string (Unicode):
(hyperref)                removing `\@m' on input line 86.


Package hyperref Warning: Token not allowed in a PDF string (Unicode):
(hyperref)                removing `\spacefactor' on input line 86.


Package hyperref Warning: Token not allowed in a PDF string (Unicode):
(hyperref)                removing `\@m' on input line 86.


Package hyperref Warning: Token not allowed in a PDF string (Unicode):
(hyperref)                removing `\spacefactor' on input line 86.


Package hyperref Warning: Token not allowed in a PDF string (Unicode):
(hyperref)                removing `\@m' on input line 86.

LaTeX Font Info:    Trying to load font information for T1+phv on input line 86
.
(/usr/local/texlive/2020/texmf-dist/tex/latex/psnfss/t1phv.fd
File: t1phv.fd 2001/06/04 scalable font definitions for T1/phv.


LaTeX Warning: Font shape declaration has incorrect series value `mc'.
               It should not contain an `m'! Please correct it.
               Found on input line 20.


LaTeX Warning: Font shape declaration has incorrect series value `mc'.
               It should not contain an `m'! Please correct it.
               Found on input line 23.


LaTeX Warning: Font shape declaration has incorrect series value `mc'.
               It should not contain an `m'! Please correct it.
               Found on input line 26.


LaTeX Warning: Font shape declaration has incorrect series value `mc'.
               It should not contain an `m'! Please correct it.
               Found on input line 46.

)
LaTeX Font Info:    Font shape `T1/phv/b/it' in size <10> not available
(Font)              Font shape `T1/phv/b/sl' tried instead on input line 86.
LaTeX Font Info:    Font shape `T1/phv/b/it' in size <17.28> not available
(Font)              Font shape `T1/phv/b/sl' tried instead on input line 86.
<<ot1.cmap>><<oml.cmap>><<oms.cmap>><<omx.cmap>>
LaTeX Font Info:    Trying to load font information for U+msa on input line 86.


(/usr/local/texlive/2020/texmf-dist/tex/latex/amsfonts/umsa.fd
File: umsa.fd 2013/01/14 v3.01 AMS symbols A
)
LaTeX Font Info:    Trying to load font information for U+msb on input line 86.


(/usr/local/texlive/2020/texmf-dist/tex/latex/amsfonts/umsb.fd
File: umsb.fd 2013/01/14 v3.01 AMS symbols B
) [1

{/usr/local/texlive/2020/texmf-var/fonts/map/pdftex/updmap/pdftex.map}] [2


]
\tf@toc=\write6
\openout6 = `Groundwater_1.toc'.

 [1

] [2

] [1]
[2

]
Chapter 1.
LaTeX Font Info:    Trying to load font information for TS1+ptm on input line 1
28.
(/usr/local/texlive/2020/texmf-dist/tex/latex/psnfss/ts1ptm.fd
File: ts1ptm.fd 2001/06/04 font definitions for TS1/ptm.
) [3] [4

]
Chapter 2.
[5]
LaTeX Font Info:    Trying to load font information for T1+pcr on input line 23
3.
 (/usr/local/texlive/2020/texmf-dist/tex/latex/psnfss/t1pcr.fd
File: t1pcr.fd 2001/06/04 font definitions for T1/pcr.
)
LaTeX Font Info:    Font shape `T1/pcr/m/it' in size <9> not available
(Font)              Font shape `T1/pcr/m/sl' tried instead on input line 234.
LaTeX Font Info:    Trying to load font information for TS1+pcr on input line 2
45.

(/usr/local/texlive/2020/texmf-dist/tex/latex/psnfss/ts1pcr.fd
File: ts1pcr.fd 2001/06/04 font definitions for TS1/pcr.
)
LaTeX Font Info:    Font shape `TS1/pcr/m/it' in size <9> not available
(Font)              Font shape `TS1/pcr/m/sl' tried instead on input line 245.
 [6] [7]
[8] [9]
<L01_f_6.png, id=112, 604.2575pt x 276.03125pt>
File: L01_f_6.png Graphic file (type png)
<use L01_f_6.png>
Package pdftex.def Info: L01_f_6.png  used on input line 493.
(pdftex.def)             Requested size: 150.56152pt x 68.77599pt.
<L01_f_7.png, id=113, 543.02875pt x 270.00874pt>
File: L01_f_7.png Graphic file (type png)
<use L01_f_7.png>
Package pdftex.def Info: L01_f_7.png  used on input line 508.
(pdftex.def)             Requested size: 150.56152pt x 74.86444pt.
<L01_f_8.png, id=114, 946.28531pt x 651.18282pt>
File: L01_f_8.png Graphic file (type png)
<use L01_f_8.png>
Package pdftex.def Info: L01_f_8.png  used on input line 515.
(pdftex.def)             Requested size: 376.40381pt x 259.01782pt.
 [10 <./L01_f_6.png> <./L01_f_7.png>] [11 <./L01_f_8.png>]
<L01_f_9.png, id=130, 569.12625pt x 426.84468pt>
File: L01_f_9.png Graphic file (type png)
<use L01_f_9.png>
Package pdftex.def Info: L01_f_9.png  used on input line 611.
(pdftex.def)             Requested size: 469.7781pt x 352.32056pt.
 [12]
LaTeX Font Info:    Font shape `T1/pcr/m/it' in size <6> not available
(Font)              Font shape `T1/pcr/m/sl' tried instead on input line 638.
LaTeX Font Info:    Font shape `T1/pcr/m/it' in size <5> not available
(Font)              Font shape `T1/pcr/m/sl' tried instead on input line 638.

Overfull \vbox (0.77939pt too high) detected at line 662
 []

[13 <./L01_f_9.png>] [14] [15]
<L02_fig1.png, id=157, 782.925pt x 850.17625pt>
File: L02_fig1.png Graphic file (type png)
<use L02_fig1.png>
Package pdftex.def Info: L02_fig1.png  used on input line 824.
(pdftex.def)             Requested size: 225.84229pt x 245.23456pt.
 [16]
<L02_fig3.png, id=165, 831.105pt x 336.2964pt>
File: L02_fig3.png Graphic file (type png)
<use L02_fig3.png>
Package pdftex.def Info: L02_fig3.png  used on input line 832.
(pdftex.def)             Requested size: 451.68457pt x 182.76732pt.
<L02_fig4.png, id=166, 1556.81625pt x 848.16875pt>
File: L02_fig4.png Graphic file (type png)
<use L02_fig4.png>
Package pdftex.def Info: L02_fig4.png  used on input line 848.
(pdftex.def)             Requested size: 469.75656pt x 255.92796pt.
 [17 <./L02_fig1.png> <./L02_fig3.png>]
[18 <./L02_fig4.png>]
<L02_fig5.png, id=181, 767.86874pt x 632.3625pt>
File: L02_fig5.png Graphic file (type png)
<use L02_fig5.png>
Package pdftex.def Info: L02_fig5.png  used on input line 894.
(pdftex.def)             Requested size: 225.84229pt x 185.98567pt.
<L02_fig5b.png, id=182, 1107.13625pt x 301.125pt>
File: L02_fig5b.png Graphic file (type png)
<use L02_fig5b.png>
Package pdftex.def Info: L02_fig5b.png  used on input line 913.
(pdftex.def)             Requested size: 451.68457pt x 122.85094pt.
 [19 <./L02_fig5.png> <./L02_fig5b.png>] [20]
<L02_fig7.png, id=197, 854.19125pt x 568.1225pt>
File: L02_fig7.png Graphic file (type png)
<use L02_fig7.png>
Package pdftex.def Info: L02_fig7.png  used on input line 1049.
(pdftex.def)             Requested size: 451.68457pt x 300.40997pt.
<L02_fig15.png, id=198, 624.53325pt x 314.97675pt>
File: L02_fig15.png Graphic file (type png)
<use L02_fig15.png>
Package pdftex.def Info: L02_fig15.png  used on input line 1066.
(pdftex.def)             Requested size: 451.68457pt x 227.80197pt.
 [21 <./L02_fig7.png>]
<L02_fig8.png, id=207, 694.9965pt x 394.47375pt>
File: L02_fig8.png Graphic file (type png)
<use L02_fig8.png>
Package pdftex.def Info: L02_fig8.png  used on input line 1068.
(pdftex.def)             Requested size: 451.68457pt x 256.38081pt.
<L02_fig9.png, id=208, 638.98724pt x 411.33675pt>
File: L02_fig9.png Graphic file (type png)
<use L02_fig9.png>
Package pdftex.def Info: L02_fig9.png  used on input line 1072.
(pdftex.def)             Requested size: 301.12305pt x 193.84296pt.
 [22 <./L02_fig15.png> <./L02_fig8.png>]
<L02_fig10.png, id=213, 810.6285pt x 358.33875pt>
File: L02_fig10.png Graphic file (type png)
<use L02_fig10.png>
Package pdftex.def Info: L02_fig10.png  used on input line 1085.
(pdftex.def)             Requested size: 376.40381pt x 166.38521pt.
 [23 <./L02_fig9.png> <./L02_fig10.png>]

! Package inputenc Error: Unicode character Î¸ (U+03B8)
(inputenc)                not set up for use with LaTeX.

See the inputenc package documentation for explanation.
Type  H <return>  for immediate help.
 ...                                              
                                                  
l.1105 ...annot exceed the total porosity. i.e. Î¸
                                                  â‰¤n ( total porosity is i...

? 

! Package inputenc Error: Unicode character â‰¤ (U+2264)
(inputenc)                not set up for use with LaTeX.

See the inputenc package documentation for explanation.
Type  H <return>  for immediate help.
 ...                                              
                                                  
l.1105 ...ot exceed the total porosity. i.e. Î¸â‰¤
                                                  n ( total porosity is inde...

? 

! Package inputenc Error: Unicode character Î¸ (U+03B8)
(inputenc)                not set up for use with LaTeX.

See the inputenc package documentation for explanation.
Type  H <return>  for immediate help.
 ...                                              
                                                  
l.1125 ...of saturation is equal to \(\frac{Î¸}{n}
                                                  \) . S can vary between 0 ...

? 
[24]
<L02_fig11.png, id=226, 666.69075pt x 388.45125pt>
File: L02_fig11.png Graphic file (type png)
<use L02_fig11.png>
Package pdftex.def Info: L02_fig11.png  used on input line 1174.
(pdftex.def)             Requested size: 338.76343pt x 197.37845pt.
<L02_fig12.png, id=227, 369.7815pt x 396.88275pt>
File: L02_fig12.png Graphic file (type png)
<use L02_fig12.png>
Package pdftex.def Info: L02_fig12.png  used on input line 1183.
(pdftex.def)             Requested size: 225.84229pt x 242.40091pt.
 [25 <./L02_fig11.png>]

! Package inputenc Error: Unicode character Ïƒ (U+03C3)
(inputenc)                not set up for use with LaTeX.

See the inputenc package documentation for explanation.
Type  H <return>  for immediate help.
 ...                                              
                                                  
l.1185 Common units of the surface tension Ïƒ
                                              are \(\frac{J}{m^2}\) or \(\fr...

? 

! Package inputenc Error: Unicode character Ö¯ (U+05AF)
(inputenc)                not set up for use with LaTeX.

See the inputenc package documentation for explanation.
Type  H <return>  for immediate help.
 ...                                              
                                                  
l.1185 ...sphinxhyphen{}2 \(\frac{N}{m}\) at 10 Ö¯
                                                  C.
? 
<L02_fig13.png, id=234, 969.6225pt x 1414.28375pt>
File: L02_fig13.png Graphic file (type png)
<use L02_fig13.png>
Package pdftex.def Info: L02_fig13.png  used on input line 1190.
(pdftex.def)             Requested size: 150.56152pt x 219.60016pt.
[26 <./L02_fig12.png> <./L02_fig13.png>]
<L02_fig14.png, id=241, 478.78876pt x 188.50426pt>
File: L02_fig14.png Graphic file (type png)
<use L02_fig14.png>
Package pdftex.def Info: L02_fig14.png  used on input line 1218.
(pdftex.def)             Requested size: 451.68457pt x 177.83255pt.
 [27 <./L02_fig14.png>]
<L03_f_1.png, id=250, 734.745pt x 401.5pt>
File: L03_f_1.png Graphic file (type png)
<use L03_f_1.png>
Package pdftex.def Info: L03_f_1.png  used on input line 1267.
(pdftex.def)             Requested size: 376.40381pt x 205.68736pt.
 [28 <./L03_f_1.png>]

LaTeX Warning: Command \textendash invalid in math mode on input line 1287.

<L03_f_5.png, id=257, 617.30624pt x 437.635pt>
File: L03_f_5.png Graphic file (type png)
<use L03_f_5.png>
Package pdftex.def Info: L03_f_5.png  used on input line 1289.
(pdftex.def)             Requested size: 301.12305pt x 213.48141pt.
[29 <./L03_f_5.png>]
Underfull \vbox (badness 2050) detected at line 1377
 []

[30] [31]
<L03_f_10.png, id=272, 889.3225pt x 408.52625pt>
File: L03_f_10.png Graphic file (type png)
<use L03_f_10.png>
Package pdftex.def Info: L03_f_10.png  used on input line 1495.
(pdftex.def)             Requested size: 451.68457pt x 207.4854pt.
 [32 <./L03_f_10.png>]
<L03_f_11.png, id=279, 865.2325pt x 498.86375pt>
File: L03_f_11.png Graphic file (type png)
<use L03_f_11.png>
Package pdftex.def Info: L03_f_11.png  used on input line 1517.
(pdftex.def)             Requested size: 376.40381pt x 217.0192pt.
 [33 <./L03_f_11.png>]
<L03_f_12.png, id=285, 885.3075pt x 459.7175pt>
File: L03_f_12.png Graphic file (type png)
<use L03_f_12.png>
Package pdftex.def Info: L03_f_12.png  used on input line 1560.
(pdftex.def)             Requested size: 301.12305pt x 156.365pt.
<L03_f_13.png, id=286, 859.21pt x 242.9075pt>
File: L03_f_13.png Graphic file (type png)
<use L03_f_13.png>
Package pdftex.def Info: L03_f_13.png  used on input line 1571.
(pdftex.def)             Requested size: 301.12305pt x 85.13008pt.
 [34 <./L03_f_12.png> <./L03_f_13.png>] [35] [36]
<L03_f_14.png, id=305, 1119.18124pt x 417.56pt>
File: L03_f_14.png Graphic file (type png)
<use L03_f_14.png>
Package pdftex.def Info: L03_f_14.png  used on input line 1710.
(pdftex.def)             Requested size: 376.40381pt x 140.433pt.
 [37 <./L03_f_14.png>]
<L4_f1.png, id=312, 761.84625pt x 312.16624pt>
File: L4_f1.png Graphic file (type png)
<use L4_f1.png>
Package pdftex.def Info: L4_f1.png  used on input line 1777.
(pdftex.def)             Requested size: 451.68457pt x 185.07674pt.
 [38 <./L4_f1.png>]
<L4_f2.png, id=320, 594.22pt x 384.43625pt>
File: L4_f2.png Graphic file (type png)
<use L4_f2.png>
Package pdftex.def Info: L4_f2.png  used on input line 1789.
(pdftex.def)             Requested size: 301.12305pt x 194.82216pt.

! Misplaced \omit.
\math@cr@@@ ...@ \@ne \add@amps \maxfields@ \omit 
                                                  \kern -\alignsep@ \iftag@ ...
l.1798 \end{split}
                  
? 
! Misplaced \omit.
\math@cr@@@ ...@ \@ne \add@amps \maxfields@ \omit 
                                                  \kern -\alignsep@ \iftag@ ...
l.1798 \end{split}
                  
? 
[39 <./L4_f2.png>]
<L4_f3.png, id=330, 925.4575pt x 576.1525pt>
File: L4_f3.png Graphic file (type png)
<use L4_f3.png>
Package pdftex.def Info: L4_f3.png  used on input line 1856.
(pdftex.def)             Requested size: 301.12305pt x 187.46712pt.
 [40 <./L4_f3.png>]

LaTeX Warning: Command \textendash invalid in math mode on input line 1895.

[41]

LaTeX Warning: Command \textendash invalid in math mode on input line 2044.


LaTeX Warning: Command \textendash invalid in math mode on input line 2044.


LaTeX Warning: Command \textendash invalid in math mode on input line 2044.


LaTeX Warning: Command \textendash invalid in math mode on input line 2044.


LaTeX Warning: Command \textendash invalid in math mode on input line 2044.


LaTeX Warning: Command \textendash invalid in math mode on input line 2044.


LaTeX Warning: Command \textendash invalid in math mode on input line 2044.


LaTeX Warning: Command \textendash invalid in math mode on input line 2044.

[42]

LaTeX Warning: Command \textdegree invalid in math mode on input line 2089.


LaTeX Warning: Command \textdegree invalid in math mode on input line 2089.

Missing character: There is no ° in font cmr10!

LaTeX Warning: Command \textdegree invalid in math mode on input line 2089.


LaTeX Warning: Command \textdegree invalid in math mode on input line 2089.

Missing character: There is no ° in font cmr10!
[43]
<L4_f4.png, id=358, 349.305pt x 265.99374pt>
File: L4_f4.png Graphic file (type png)
<use L4_f4.png>
Package pdftex.def Info: L4_f4.png  used on input line 2130.
(pdftex.def)             Requested size: 188.2019pt x 143.31383pt.
<L4_f5.png, id=359, 487.8225pt x 546.04pt>
File: L4_f5.png Graphic file (type png)
<use L4_f5.png>
Package pdftex.def Info: L4_f5.png  used on input line 2147.
(pdftex.def)             Requested size: 188.2019pt x 210.66347pt.
 [44 <./L4_f4.png> <./L4_f5.png>]
<L4_f6.png, id=367, 556.0775pt x 632.3625pt>
File: L4_f6.png Graphic file (type png)
<use L4_f6.png>
Package pdftex.def Info: L4_f6.png  used on input line 2209.
(pdftex.def)             Requested size: 188.2019pt x 214.0162pt.
 [45] [46 <./L4_f6.png>]
LaTeX Font Info:    Trying to load font information for TS1+phv on input line 2
304.

(/usr/local/texlive/2020/texmf-dist/tex/latex/psnfss/ts1phv.fd
File: ts1phv.fd 2001/06/04 scalable font definitions for TS1/phv.


LaTeX Warning: Font shape declaration has incorrect series value `mc'.
               It should not contain an `m'! Please correct it.
               Found on input line 17.


LaTeX Warning: Font shape declaration has incorrect series value `mc'.
               It should not contain an `m'! Please correct it.
               Found on input line 20.


LaTeX Warning: Font shape declaration has incorrect series value `mc'.
               It should not contain an `m'! Please correct it.
               Found on input line 34.

) [47]
<L4_f7.png, id=385, 788.9475pt x 708.6475pt>
File: L4_f7.png Graphic file (type png)
<use L4_f7.png>
Package pdftex.def Info: L4_f7.png  used on input line 2379.
(pdftex.def)             Requested size: 469.7486pt x 421.94786pt.
 [48 <./L4_f7.png>]
<L4_f8.png, id=391, 984.67876pt x 557.08125pt>
File: L4_f8.png Graphic file (type png)
<use L4_f8.png>
Package pdftex.def Info: L4_f8.png  used on input line 2396.
(pdftex.def)             Requested size: 225.84229pt x 127.76897pt.
 [49 <./L4_f8.png>] [50]

LaTeX Warning: Hyper reference `contents/flow/lecture_05/15_het_iso:aquifer-het
' on page 51 undefined on input line 2531.


LaTeX Warning: Reference `contents/flow/lecture_05/15_het_iso:aquifer-het' on p
age 51 undefined on input line 2531.

<L5_f1.png, id=406, 882.29625pt x 300.12125pt>
File: L5_f1.png Graphic file (type png)
<use L5_f1.png>
Package pdftex.def Info: L5_f1.png  used on input line 2537.
(pdftex.def)             Requested size: 469.75536pt x 159.79622pt.
[51] [52 <./L5_f1.png>]

LaTeX Warning: Hyper reference `contents/flow/lecture_05/15_het_iso:flow-parall
el' on page 53 undefined on input line 2612.


LaTeX Warning: Reference `contents/flow/lecture_05/15_het_iso:flow-parallel' on
 page 53 undefined on input line 2612.

<L5_f2.png, id=421, 467.7475pt x 743.77875pt>
File: L5_f2.png Graphic file (type png)
<use L5_f2.png>
Package pdftex.def Info: L5_f2.png  used on input line 2618.
(pdftex.def)             Requested size: 233.87317pt x 371.88846pt.
[53 <./L5_f2.png>] [54] [55]

LaTeX Warning: Hyper reference `contents/flow/lecture_05/15_het_iso:flow-perpen
dicular' on page 56 undefined on input line 2750.


LaTeX Warning: Reference `contents/flow/lecture_05/15_het_iso:flow-perpendicula
r' on page 56 undefined on input line 2750.

<L5_f3.png, id=440, 424.58624pt x 730.73pt>
File: L5_f3.png Graphic file (type png)
<use L5_f3.png>
Package pdftex.def Info: L5_f3.png  used on input line 2756.
(pdftex.def)             Requested size: 212.2926pt x 365.3641pt.
[56 <./L5_f3.png>] [57] [58] [59]

LaTeX Warning: Hyper reference `contents/flow/lecture_05/15_het_iso:iso-anisotr
opy' on page 60 undefined on input line 2979.


LaTeX Warning: Reference `contents/flow/lecture_05/15_het_iso:iso-anisotropy' o
n page 60 undefined on input line 2979.

<L5_f4.png, id=466, 1598.97375pt x 1057.9525pt>
File: L5_f4.png Graphic file (type png)
<use L5_f4.png>
Package pdftex.def Info: L5_f4.png  used on input line 2985.
(pdftex.def)             Requested size: 469.7413pt x 310.80183pt.
[60 <./L5_f4.png>]

LaTeX Warning: Hyper reference `contents/flow/lecture_05/15_het_iso:k-ellipse' 
on page 61 undefined on input line 3002.


LaTeX Warning: Reference `contents/flow/lecture_05/15_het_iso:k-ellipse' on pag
e 61 undefined on input line 3002.

<L5_f5.png, id=474, 857.2025pt x 454.69875pt>
File: L5_f5.png Graphic file (type png)
<use L5_f5.png>
Package pdftex.def Info: L5_f5.png  used on input line 3008.
(pdftex.def)             Requested size: 469.74937pt x 249.18312pt.
[61 <./L5_f5.png>]
<L5_f6.png, id=484, 1287.81125pt x 954.56625pt>
File: L5_f6.png Graphic file (type png)
<use L5_f6.png>
Package pdftex.def Info: L5_f6.png  used on input line 3063.
(pdftex.def)             Requested size: 469.76227pt x 348.18802pt.
 [62] [63 <./L5_f6.png>]

LaTeX Warning: Hyper reference `contents/flow/lecture_06/16_darcy_law_3D:isolin
es' on page 64 undefined on input line 3105.


LaTeX Warning: Reference `contents/flow/lecture_06/16_darcy_law_3D:isolines' on
 page 64 undefined on input line 3105.

<L06_f1.png, id=500, 2035.605pt x 1097.09875pt>
File: L06_f1.png Graphic file (type png)
<use L06_f1.png>
Package pdftex.def Info: L06_f1.png  used on input line 3113.
(pdftex.def)             Requested size: 469.73235pt x 253.16443pt.

LaTeX Warning: Hyper reference `contents/flow/lecture_06/16_darcy_law_3D:hydro-
tri' on page 64 undefined on input line 3122.


LaTeX Warning: Reference `contents/flow/lecture_06/16_darcy_law_3D:hydro-tri' o
n page 64 undefined on input line 3122.

<L06_f2.png, id=501, 651.43375pt x 502.87875pt>
File: L06_f2.png Graphic file (type png)
<use L06_f2.png>
Package pdftex.def Info: L06_f2.png  used on input line 3136.
(pdftex.def)             Requested size: 325.71606pt x 251.43875pt.
[64] [65 <./L06_f1.png> <./L06_f2.png>]

LaTeX Warning: Hyper reference `contents/flow/lecture_06/16_darcy_law_3D:hydro-
tri2' on page 66 undefined on input line 3142.


LaTeX Warning: Reference `contents/flow/lecture_06/16_darcy_law_3D:hydro-tri2' 
on page 66 undefined on input line 3142.


LaTeX Warning: Hyper reference `contents/flow/lecture_06/16_darcy_law_3D:hydro-
tri' on page 66 undefined on input line 3142.


LaTeX Warning: Reference `contents/flow/lecture_06/16_darcy_law_3D:hydro-tri' o
n page 66 undefined on input line 3142.


LaTeX Warning: Hyper reference `contents/flow/lecture_06/16_darcy_law_3D:hydro-
tri2' on page 66 undefined on input line 3142.


LaTeX Warning: Reference `contents/flow/lecture_06/16_darcy_law_3D:hydro-tri2' 
on page 66 undefined on input line 3142.

<L06_f3.png, id=516, 1139.25626pt x 851.18pt>
File: L06_f3.png Graphic file (type png)
<use L06_f3.png>
Package pdftex.def Info: L06_f3.png  used on input line 3148.
(pdftex.def)             Requested size: 398.74567pt x 297.91745pt.

LaTeX Warning: Hyper reference `contents/flow/lecture_06/16_darcy_law_3D:hydro-
tri3' on page 66 undefined on input line 3154.


LaTeX Warning: Reference `contents/flow/lecture_06/16_darcy_law_3D:hydro-tri3' 
on page 66 undefined on input line 3154.

<L06_f4.png, id=517, 824.07875pt x 636.3775pt>
File: L06_f4.png Graphic file (type png)
<use L06_f4.png>
Package pdftex.def Info: L06_f4.png  used on input line 3160.
(pdftex.def)             Requested size: 329.62566pt x 254.5465pt.
[66 <./L06_f3.png>]

LaTeX Warning: Hyper reference `contents/flow/lecture_06/16_darcy_law_3D:isolin
es' on page 67 undefined on input line 3182.


LaTeX Warning: Reference `contents/flow/lecture_06/16_darcy_law_3D:isolines' on
 page 67 undefined on input line 3182.

[67 <./L06_f4.png>]
<L06_f5.png, id=532, 767.86874pt x 657.45625pt>
File: L06_f5.png Graphic file (type png)
<use L06_f5.png>
Package pdftex.def Info: L06_f5.png  used on input line 3229.
(pdftex.def)             Requested size: 307.14206pt x 262.97784pt.
 [68 <./L06_f5.png>]
<L06_f6.png, id=539, 1733.47626pt x 780.9175pt>
File: L06_f6.png Graphic file (type png)
<use L06_f6.png>
Package pdftex.def Info: L06_f6.png  used on input line 3300.
(pdftex.def)             Requested size: 469.7377pt x 211.61314pt.
<L06_f7.png, id=540, 1406.25375pt x 756.8275pt>
File: L06_f7.png Graphic file (type png)
<use L06_f7.png>
Package pdftex.def Info: L06_f7.png  used on input line 3309.
(pdftex.def)             Requested size: 469.75146pt x 252.81413pt.
<L06_f8.png, id=541, 1698.345pt x 748.7975pt>
File: L06_f8.png Graphic file (type png)
<use L06_f8.png>
Package pdftex.def Info: L06_f8.png  used on input line 3321.
(pdftex.def)             Requested size: 469.7544pt x 207.11394pt.
 [69] [70 <./L06_f6.png> <./L06_f7.png>]
<L06_f9.png, id=556, 2576.62625pt x 1183.42125pt>
File: L06_f9.png Graphic file (type png)
<use L06_f9.png>
Package pdftex.def Info: L06_f9.png  used on input line 3333.
(pdftex.def)             Requested size: 469.74876pt x 215.75137pt.
[71 <./L06_f8.png> <./L06_f9.png>]
<L06_f10a.png, id=565, 647.41875pt x 662.475pt>
File: L06_f10a.png Graphic file (type png)
<use L06_f10a.png>
Package pdftex.def Info: L06_f10a.png  used on input line 3349.
(pdftex.def)             Requested size: 161.85428pt x 165.61835pt.
<L06_f10b.png, id=566, 343.2825pt x 392.46625pt>
File: L06_f10b.png Graphic file (type png)
<use L06_f10b.png>
Package pdftex.def Info: L06_f10b.png  used on input line 3360.
(pdftex.def)             Requested size: 154.4757pt x 176.60817pt.
<L06_f10c.png, id=567, 1736.4875pt x 601.24625pt>
File: L06_f10c.png Graphic file (type png)
<use L06_f10c.png>
Package pdftex.def Info: L06_f10c.png  used on input line 3371.
(pdftex.def)             Requested size: 469.75879pt x 162.65057pt.
 [72 <./L06_f10a.png> <./L06_f10b.png>]
<L06_f17.png, id=576, 1557.82pt x 779.91376pt>
File: L06_f17.png Graphic file (type png)
<use L06_f17.png>
Package pdftex.def Info: L06_f17.png  used on input line 3398.
(pdftex.def)             Requested size: 469.75043pt x 235.17789pt.

[73 <./L06_f10c.png> <./L06_f17.png>] [74]
Underfull \vbox (badness 10000) detected at line 3795
 []


Overfull \vbox (13.68169pt too high) detected at line 3795
 []

[75]
Underfull \vbox (badness 10000) detected at line 3795
 []


Overfull \vbox (2.68169pt too high) detected at line 3795
 []

[76]
Underfull \vbox (badness 10000) detected at line 3795
 []


Overfull \vbox (2.68169pt too high) detected at line 3795
 []

[77]
Underfull \vbox (badness 10000) detected at line 3795
 []


Overfull \vbox (13.68169pt too high) detected at line 3795
 []

[78]
Underfull \vbox (badness 10000) detected at line 3795
 []


Overfull \vbox (2.68169pt too high) detected at line 3795
 []

[79]
Underfull \vbox (badness 10000) detected at line 3795
 []


Overfull \vbox (2.68169pt too high) detected at line 3795
 []

[80] [81]
<L06_f13.png, id=621, 858.20625pt x 492.84125pt>
File: L06_f13.png Graphic file (type png)
<use L06_f13.png>
Package pdftex.def Info: L06_f13.png  used on input line 3826.
(pdftex.def)             Requested size: 469.76253pt x 269.77757pt.
<L06_f14.png, id=623, 1311.90125pt x 892.33376pt>
File: L06_f14.png Graphic file (type png)
<use L06_f14.png>
Package pdftex.def Info: L06_f14.png  used on input line 3849.
(pdftex.def)             Requested size: 459.17232pt x 312.32149pt.
 [82 <./L06_f13.png>] [83 <./L06_f14.png>]
<L06_f15.png, id=635, 1057.9525pt x 902.37125pt>
File: L06_f15.png Graphic file (type png)
<use L06_f15.png>
Package pdftex.def Info: L06_f15.png  used on input line 3859.
(pdftex.def)             Requested size: 469.74615pt x 400.67961pt.


Package textcomp Warning: Symbol \textasciigrave not provided by
(textcomp)                font family ptm in TS1 encoding.
(textcomp)                Default family used instead on input line 3868.


Package textcomp Warning: Symbol \textasciigrave not provided by
(textcomp)                font family ptm in TS1 encoding.
(textcomp)                Default family used instead on input line 3868.

<L06_f16.png, id=636, 1598.97375pt x 1057.9525pt>
File: L06_f16.png Graphic file (type png)
<use L06_f16.png>
Package pdftex.def Info: L06_f16.png  used on input line 3874.
(pdftex.def)             Requested size: 469.7413pt x 310.80183pt.
[84 <./L06_f15.png>] [85 <./L06_f16.png>]
<L06_f12.png, id=652, 2396.955pt x 456.70625pt>
File: L06_f12.png Graphic file (type png)
<use L06_f12.png>
Package pdftex.def Info: L06_f12.png  used on input line 3965.
(pdftex.def)             Requested size: 469.72684pt x 89.49986pt.
 [86 <./L06_f12.png>]
<L06_f11.png, id=660, 1189.44376pt x 1218.5525pt>
File: L06_f11.png Graphic file (type png)
<use L06_f11.png>
Package pdftex.def Info: L06_f11.png  used on input line 3977.
(pdftex.def)             Requested size: 469.74347pt x 481.25789pt.


LaTeX Warning: Hyper reference `contents/tools/aniso2D::doc' on page 87 undefin
ed on input line 3981.


Overfull \vbox (2.39862pt too high) detected at line 4089
 []

[87 <./L06_f11.png>]
Underfull \vbox (badness 10000) detected at line 4089
 []


Overfull \vbox (2.68169pt too high) detected at line 4089
 []

[88] [89] [90]
<bg1_f21.png, id=686, 648.4225pt x 429.605pt>
File: bg1_f21.png Graphic file (type png)
<use bg1_f21.png>
Package pdftex.def Info: bg1_f21.png  used on input line 4191.
(pdftex.def)             Requested size: 451.68457pt x 299.25963pt.
<bg1_f31.png, id=687, 849.1725pt x 377.41pt>
File: bg1_f31.png Graphic file (type png)
<use bg1_f31.png>
Package pdftex.def Info: bg1_f31.png  used on input line 4195.
(pdftex.def)             Requested size: 451.68457pt x 200.75195pt.
 [91 <./bg1_f21.png>]
<bg1_f41.png, id=694, 845.1575pt x 275.0275pt>
File: bg1_f41.png Graphic file (type png)
<use bg1_f41.png>
Package pdftex.def Info: bg1_f41.png  used on input line 4201.
(pdftex.def)             Requested size: 451.68457pt x 146.98927pt.
<bg1_f51.png, id=695, 878.28125pt x 303.1325pt>
File: bg1_f51.png Graphic file (type png)
<use bg1_f51.png>
Package pdftex.def Info: bg1_f51.png  used on input line 4207.
(pdftex.def)             Requested size: 451.68457pt x 155.89989pt.
 [92 <./bg1_f31.png> <./bg1_f41.png> <./bg1_f51.png>]
<bg2_f11.png, id=701, 559.08875pt x 281.05pt>
File: bg2_f11.png Graphic file (type png)
<use bg2_f11.png>
Package pdftex.def Info: bg2_f11.png  used on input line 4264.
(pdftex.def)             Requested size: 451.68457pt x 227.06601pt.
 [93]
<bg2_f21.png, id=710, 892.33376pt x 383.4325pt>
File: bg2_f21.png Graphic file (type png)
<use bg2_f21.png>
Package pdftex.def Info: bg2_f21.png  used on input line 4268.
(pdftex.def)             Requested size: 451.68457pt x 194.09116pt.
 [94 <./bg2_f11.png> <./bg2_f21.png>] [95] [96] [97] [98]
[99] [100]

! Package inputenc Error: Unicode character âˆ‘ (U+2211)
(inputenc)                not set up for use with LaTeX.

See the inputenc package documentation for explanation.
Type  H <return>  for immediate help.
 ...                                              
                                                  
l.4699 ...‘total}\PYG{l+s+s2}{\PYGZdq{}}\PYG{p}{]}
                                                  
? 

! Package inputenc Error: Unicode character âˆ‘ (U+2211)
(inputenc)                not set up for use with LaTeX.

See the inputenc package documentation for explanation.
Type  H <return>  for immediate help.
 ...                                              
                                                  
l.4699 ...‘total}\PYG{l+s+s2}{\PYGZdq{}}\PYG{p}{]}
                                                  
? 

! Package inputenc Error: Unicode character âˆ‘ (U+2211)
(inputenc)                not set up for use with LaTeX.

See the inputenc package documentation for explanation.
Type  H <return>  for immediate help.
 ...                                              
                                                  
l.4699 ...‘total}\PYG{l+s+s2}{\PYGZdq{}}\PYG{p}{]}
                                                  
? 
[101] [102] [103] [104] [105] [106]
Overfull \vbox (13.6051pt too high) detected at line 5113
 []

[107] [108] [109] [110]

! Package inputenc Error: Unicode character Î” (U+0394)
(inputenc)                not set up for use with LaTeX.

See the inputenc package documentation for explanation.
Type  H <return>  for immediate help.
 ...                                              
                                                  
l.5280 ...ferences ln(Î”h(0)/Î”h(t)) vs. time t. }
                                                  
? 

! Package inputenc Error: Unicode character Î” (U+0394)
(inputenc)                not set up for use with LaTeX.

See the inputenc package documentation for explanation.
Type  H <return>  for immediate help.
 ...                                              
                                                  
l.5280 ...ferences ln(Î”h(0)/Î”h(t)) vs. time t. }
                                                  
? 
<tutorial_03_29_0.png, id=811, 516.93124pt x 379.4175pt>
File: tutorial_03_29_0.png Graphic file (type png)
<use tutorial_03_29_0.png>
Package pdftex.def Info: tutorial_03_29_0.png  used on input line 5312.
(pdftex.def)             Requested size: 469.76926pt x 344.79572pt.
[111] [112 <./tutorial_03_29_0.png>] [113]

! Package inputenc Error: Unicode character âˆ‘ (U+2211)
(inputenc)                not set up for use with LaTeX.

See the inputenc package documentation for explanation.
Type  H <return>  for immediate help.
 ...                                              
                                                  
l.5427 ...‘total}\PYG{l+s+s2}{\PYGZdq{}}\PYG{p}{]}
                                                  
? 

! Package inputenc Error: Unicode character âˆ‘ (U+2211)
(inputenc)                not set up for use with LaTeX.

See the inputenc package documentation for explanation.
Type  H <return>  for immediate help.
 ...                                              
                                                  
l.5427 ...‘total}\PYG{l+s+s2}{\PYGZdq{}}\PYG{p}{]}
                                                  
? 

! Package inputenc Error: Unicode character âˆ‘ (U+2211)
(inputenc)                not set up for use with LaTeX.

See the inputenc package documentation for explanation.
Type  H <return>  for immediate help.
 ...                                              
                                                  
l.5427 ...‘total}\PYG{l+s+s2}{\PYGZdq{}}\PYG{p}{]}
                                                  
? 

! Package inputenc Error: Unicode character Î£ (U+03A3)
(inputenc)                not set up for use with LaTeX.

See the inputenc package documentation for explanation.
Type  H <return>  for immediate help.
 ...                                              
                                                  
l.5459 ...{passing\PYGZus{}per} \PYG{p}{\PYGZcb{}}
                                                  
? 

! Package inputenc Error: Unicode character Î£ (U+03A3)
(inputenc)                not set up for use with LaTeX.

See the inputenc package documentation for explanation.
Type  H <return>  for immediate help.
 ...                                              
                                                  
l.5459 ...{passing\PYGZus{}per} \PYG{p}{\PYGZcb{}}
                                                  
? 

! Package inputenc Error: Unicode character Î£ (U+03A3)
(inputenc)                not set up for use with LaTeX.

See the inputenc package documentation for explanation.
Type  H <return>  for immediate help.
 ...                                              
                                                  
l.5459 ...{passing\PYGZus{}per} \PYG{p}{\PYGZcb{}}
                                                  
? 

Overfull \vbox (8.197pt too high) detected at line 5464
 []

[114]

! Package inputenc Error: Unicode character Î£ (U+03A3)
(inputenc)                not set up for use with LaTeX.

See the inputenc package documentation for explanation.
Type  H <return>  for immediate help.
 ...                                              
                                                  
l.5467 ... Î£total \PYGZpc{}  Î£/Î£total \PYGZpc{}
                                                  
? 

! Package inputenc Error: Unicode character Î£ (U+03A3)
(inputenc)                not set up for use with LaTeX.

See the inputenc package documentation for explanation.
Type  H <return>  for immediate help.
 ...                                              
                                                  
l.5467 ... Î£total \PYGZpc{}  Î£/Î£total \PYGZpc{}
                                                  
? 

! Package inputenc Error: Unicode character Î£ (U+03A3)
(inputenc)                not set up for use with LaTeX.

See the inputenc package documentation for explanation.
Type  H <return>  for immediate help.
 ...                                              
                                                  
l.5467 ... Î£total \PYGZpc{}  Î£/Î£total \PYGZpc{}
                                                  
? 
<tutorial_04_8_0.png, id=838, 560.0925pt x 372.39125pt>
File: tutorial_04_8_0.png Graphic file (type png)
<use tutorial_04_8_0.png>
Package pdftex.def Info: tutorial_04_8_0.png  used on input line 5514.
(pdftex.def)             Requested size: 469.77368pt x 312.34056pt.
[115] [116 <./tutorial_04_8_0.png>]
Overfull \vbox (1.23932pt too high) detected at line 5611
 []

[117]
Underfull \vbox (badness 2050) detected at line 5666
 []

[118] [119] [120] [121] [122] [123] [124] [125]

! Package inputenc Error: Unicode character Î£ (U+03A3)
(inputenc)                not set up for use with LaTeX.

See the inputenc package documentation for explanation.
Type  H <return>  for immediate help.
 ...                                              
                                                  
l.6156 ...{passing\PYGZus{}per} \PYG{p}{\PYGZcb{}}
                                                  
? 

! Package inputenc Error: Unicode character Î£ (U+03A3)
(inputenc)                not set up for use with LaTeX.

See the inputenc package documentation for explanation.
Type  H <return>  for immediate help.
 ...                                              
                                                  
l.6156 ...{passing\PYGZus{}per} \PYG{p}{\PYGZcb{}}
                                                  
? 

! Package inputenc Error: Unicode character Î£ (U+03A3)
(inputenc)                not set up for use with LaTeX.

See the inputenc package documentation for explanation.
Type  H <return>  for immediate help.
 ...                                              
                                                  
l.6156 ...{passing\PYGZus{}per} \PYG{p}{\PYGZcb{}}
                                                  
? 
[126]
Underfull \vbox (badness 10000) detected at line 6195
 []


Underfull \vbox (badness 10000) detected at line 6195
 []

[127] [128]
Underfull \vbox (badness 10000) detected at line 6401
 []


Overfull \vbox (2.68169pt too high) detected at line 6401
 []

[129]
Underfull \vbox (badness 10000) detected at line 6401
 []


Overfull \vbox (2.68169pt too high) detected at line 6401
 []

[130] [131]
Overfull \vbox (0.60605pt too high) detected at line 6846
 []

[132]
Underfull \vbox (badness 10000) detected at line 6846
 []


Overfull \vbox (2.68169pt too high) detected at line 6846
 []

[133]
Underfull \vbox (badness 10000) detected at line 6846
 []


Overfull \vbox (2.68169pt too high) detected at line 6846
 []

[134]
Underfull \vbox (badness 10000) detected at line 6846
 []


Overfull \vbox (2.68169pt too high) detected at line 6846
 []

[135]
Underfull \vbox (badness 10000) detected at line 6846
 []


Overfull \vbox (13.68169pt too high) detected at line 6846
 []

[136]
Underfull \vbox (badness 10000) detected at line 6846
 []


Overfull \vbox (2.68169pt too high) detected at line 6846
 []

[137]
Underfull \vbox (badness 10000) detected at line 6846
 []


Overfull \vbox (2.68169pt too high) detected at line 6846
 []

[138] [139] [140]
Underfull \vbox (badness 10000) detected at line 6989
 []


Overfull \vbox (2.68169pt too high) detected at line 6989
 []

[141] [142]
<Q1b_2019-20.png, id=1007, 1437.37pt x 374.39874pt>
File: Q1b_2019-20.png Graphic file (type png)
<use Q1b_2019-20.png>
Package pdftex.def Info: Q1b_2019-20.png  used on input line 7032.
(pdftex.def)             Requested size: 469.74968pt x 122.3637pt.
 [143 <./Q1b_2019-20.png>] [144]
<Q3a_2019-20.png, id=1018, 1379.3934pt x 927.465pt>
File: Q3a_2019-20.png Graphic file (type png)
<use Q3a_2019-20.png>
Package pdftex.def Info: Q3a_2019-20.png  used on input line 7159.
(pdftex.def)             Requested size: 376.40381pt x 253.07947pt.
 [145 <./Q3a_2019-20.png>]

! Package inputenc Error: Unicode character Î£ (U+03A3)
(inputenc)                not set up for use with LaTeX.

See the inputenc package documentation for explanation.
Type  H <return>  for immediate help.
 ...                                              
                                                  
l.7293 \end{tabulary}
                     
? 

! Package inputenc Error: Unicode character Î£ (U+03A3)
(inputenc)                not set up for use with LaTeX.

See the inputenc package documentation for explanation.
Type  H <return>  for immediate help.
 ...                                              
                                                  
l.7293 \end{tabulary}
                     
? 

! Package inputenc Error: Unicode character Î£ (U+03A3)
(inputenc)                not set up for use with LaTeX.

See the inputenc package documentation for explanation.
Type  H <return>  for immediate help.
 ...                                              
                                                  
l.7293 \end{tabulary}
                     
? 

! Package inputenc Error: Unicode character Î£ (U+03A3)
(inputenc)                not set up for use with LaTeX.

See the inputenc package documentation for explanation.
Type  H <return>  for immediate help.
 ...                                              
                                                  
l.7293 \end{tabulary}
                     
? 

! Package inputenc Error: Unicode character Î£ (U+03A3)
(inputenc)                not set up for use with LaTeX.

See the inputenc package documentation for explanation.
Type  H <return>  for immediate help.
 ...                                              
                                                  
l.7293 \end{tabulary}
                     
? 

! Package inputenc Error: Unicode character Î£ (U+03A3)
(inputenc)                not set up for use with LaTeX.

See the inputenc package documentation for explanation.
Type  H <return>  for immediate help.
 ...                                              
                                                  
l.7293 \end{tabulary}
                     
? 

! Package inputenc Error: Unicode character Î£ (U+03A3)
(inputenc)                not set up for use with LaTeX.

See the inputenc package documentation for explanation.
Type  H <return>  for immediate help.
 ...                                              
                                                  
l.7313 ...{passing\PYGZus{}per} \PYG{p}{\PYGZcb{}}
                                                  
? 

! Package inputenc Error: Unicode character Î£ (U+03A3)
(inputenc)                not set up for use with LaTeX.

See the inputenc package documentation for explanation.
Type  H <return>  for immediate help.
 ...                                              
                                                  
l.7313 ...{passing\PYGZus{}per} \PYG{p}{\PYGZcb{}}
                                                  
? 

! Package inputenc Error: Unicode character Î£ (U+03A3)
(inputenc)                not set up for use with LaTeX.

See the inputenc package documentation for explanation.
Type  H <return>  for immediate help.
 ...                                              
                                                  
l.7313 ...{passing\PYGZus{}per} \PYG{p}{\PYGZcb{}}
                                                  
? 

! Package inputenc Error: Unicode character Î£ (U+03A3)
(inputenc)                not set up for use with LaTeX.

See the inputenc package documentation for explanation.
Type  H <return>  for immediate help.
 ...                                              
                                                  
l.7320 ... the sieve [g]     Î£total    Î£/Î£total
                                                  
? 

! Package inputenc Error: Unicode character Î£ (U+03A3)
(inputenc)                not set up for use with LaTeX.

See the inputenc package documentation for explanation.
Type  H <return>  for immediate help.
 ...                                              
                                                  
l.7320 ... the sieve [g]     Î£total    Î£/Î£total
                                                  
? 

! Package inputenc Error: Unicode character Î£ (U+03A3)
(inputenc)                not set up for use with LaTeX.

See the inputenc package documentation for explanation.
Type  H <return>  for immediate help.
 ...                                              
                                                  
l.7320 ... the sieve [g]     Î£total    Î£/Î£total
                                                  
? 
[146]
<GW_exam_2019_20_16_0.png, id=1028, 558.085pt x 388.45125pt>
File: GW_exam_2019_20_16_0.png Graphic file (type png)
<use GW_exam_2019_20_16_0.png>
Package pdftex.def Info: GW_exam_2019_20_16_0.png  used on input line 7351.
(pdftex.def)             Requested size: 469.76752pt x 326.97845pt.
 [147 <./GW_exam_2019_20_16_0.png>]
<Q5_2019-2020.png, id=1035, 398.48875pt x 295.1025pt>
File: Q5_2019-2020.png Graphic file (type png)
<use Q5_2019-2020.png>
Package pdftex.def Info: Q5_2019-2020.png  used on input line 7361.
(pdftex.def)             Requested size: 225.84229pt x 167.24654pt.
<Q5a_2019-2020.png, id=1036, 398.48875pt x 295.1025pt>
File: Q5a_2019-2020.png Graphic file (type png)
<use Q5a_2019-2020.png>
Package pdftex.def Info: Q5a_2019-2020.png  used on input line 7376.
(pdftex.def)             Requested size: 225.84229pt x 167.24654pt.

Overfull \vbox (2.47112pt too high) detected at line 7401
 []

[148 <./Q5_2019-2020.png> <./Q5a_2019-2020.png>]

LaTeX Warning: Command \textperiodcentered invalid in math mode on input line 7
423.


LaTeX Warning: Command \textperiodcentered invalid in math mode on input line 7
423.

Missing character: There is no · in font cmr10!
<Q6_2019-2020.png, id=1042, 618.8721pt x 289.8027pt>
File: Q6_2019-2020.png Graphic file (type png)
<use Q6_2019-2020.png>
Package pdftex.def Info: Q6_2019-2020.png  used on input line 7430.
(pdftex.def)             Requested size: 376.40381pt x 176.26642pt.
[149] [150 <./Q6_2019-2020.png>]
<Q7b_2019-2020.png, id=1052, 631.6398pt x 347.1369pt>
File: Q7b_2019-2020.png Graphic file (type png)
<use Q7b_2019-2020.png>
Package pdftex.def Info: Q7b_2019-2020.png  used on input line 7492.
(pdftex.def)             Requested size: 376.40381pt x 206.86418pt.
 [151 <./Q7b_2019-2020.png>] [152]
<GW_exam_2019_20_32_0.png, id=1062, 403.5075pt x 268.00125pt>
File: GW_exam_2019_20_32_0.png Graphic file (type png)
<use GW_exam_2019_20_32_0.png>
Package pdftex.def Info: GW_exam_2019_20_32_0.png  used on input line 7608.
(pdftex.def)             Requested size: 403.50652pt x 268.00058pt.
 [153 <./GW_exam_2019_20_32_0.png>]
<Q9b_2019-2020.png, id=1069, 1241.63875pt x 673.51625pt>
File: Q9b_2019-2020.png Graphic file (type png)
<use Q9b_2019-2020.png>
Package pdftex.def Info: Q9b_2019-2020.png  used on input line 7644.
(pdftex.def)             Requested size: 376.40381pt x 204.1735pt.

No file Groundwater_1.ind.
Package atveryend Info: Empty hook `BeforeClearDocument' on input line 7663.
[154 <./Q9b_2019-2020.png>]
Package atveryend Info: Empty hook `AfterLastShipout' on input line 7663.
 (./Groundwater_1.aux)
Package atveryend Info: Executing hook `AtVeryEndDocument' on input line 7663.
Package atveryend Info: Executing hook `AtEndAfterFileList' on input line 7663.



Package rerunfilecheck Warning: File `Groundwater_1.out' has changed.
(rerunfilecheck)                Rerun to get outlines right
(rerunfilecheck)                or use package `bookmark'.

Package rerunfilecheck Info: Checksums for `Groundwater_1.out':
(rerunfilecheck)             Before: <no file>
(rerunfilecheck)             After:  F35AD06C5AD97AD652AB28767FE1ED20;5836.

LaTeX Warning: There were undefined references.


LaTeX Warning: Label(s) may have changed. Rerun to get cross-references right.

Package atveryend Info: Empty hook `AtVeryVeryEnd' on input line 7663.
 ) 
Here is how much of TeX's memory you used:
 14643 strings out of 480608
 218191 string characters out of 5903615
 1039083 words of memory out of 5000000
 29686 multiletter control sequences out of 15000+600000
 594262 words of font info for 108 fonts, out of 8000000 for 9000
 1142 hyphenation exceptions out of 8191
 38i,23n,49p,1576b,494s stack positions out of 5000i,500n,10000p,200000b,80000s
{/usr/local/texlive/2020/texmf-dist/fonts/enc/dvips/cm-super/cm-super-ts1.enc
}{/usr/local/texlive/2020/texmf-dist/fonts/enc/dvips/base/8r.enc}</usr/local/te
xlive/2020/texmf-dist/fonts/type1/public/amsfonts/cm/cmex10.pfb></usr/local/tex
live/2020/texmf-dist/fonts/type1/public/amsfonts/cmextra/cmex7.pfb></usr/local/
texlive/2020/texmf-dist/fonts/type1/public/amsfonts/cm/cmmi10.pfb></usr/local/t
exlive/2020/texmf-dist/fonts/type1/public/amsfonts/cm/cmmi5.pfb></usr/local/tex
live/2020/texmf-dist/fonts/type1/public/amsfonts/cm/cmmi7.pfb></usr/local/texli
ve/2020/texmf-dist/fonts/type1/public/amsfonts/cm/cmr10.pfb></usr/local/texlive
/2020/texmf-dist/fonts/type1/public/amsfonts/cm/cmr5.pfb></usr/local/texlive/20
20/texmf-dist/fonts/type1/public/amsfonts/cm/cmr7.pfb></usr/local/texlive/2020/
texmf-dist/fonts/type1/public/amsfonts/cm/cmsy10.pfb></usr/local/texlive/2020/t
exmf-dist/fonts/type1/public/amsfonts/cm/cmsy5.pfb></usr/local/texlive/2020/tex
mf-dist/fonts/type1/public/amsfonts/cm/cmsy7.pfb></usr/local/texlive/2020/texmf
-dist/fonts/type1/public/cm-super/sfrb1000.pfb></usr/local/texlive/2020/texmf-d
ist/fonts/type1/urw/courier/ucrb8a.pfb></usr/local/texlive/2020/texmf-dist/font
s/type1/urw/courier/ucrr8a.pfb></usr/local/texlive/2020/texmf-dist/fonts/type1/
urw/courier/ucrro8a.pfb></usr/local/texlive/2020/texmf-dist/fonts/type1/urw/hel
vetic/uhvb8a.pfb></usr/local/texlive/2020/texmf-dist/fonts/type1/urw/helvetic/u
hvr8a.pfb></usr/local/texlive/2020/texmf-dist/fonts/type1/urw/times/utmb8a.pfb>
</usr/local/texlive/2020/texmf-dist/fonts/type1/urw/times/utmbi8a.pfb></usr/loc
al/texlive/2020/texmf-dist/fonts/type1/urw/times/utmr8a.pfb></usr/local/texlive
/2020/texmf-dist/fonts/type1/urw/times/utmri8a.pfb>
Output written on Groundwater_1.pdf (158 pages, 17704698 bytes).
PDF statistics:
 1234 PDF objects out of 1440 (max. 8388607)
 941 compressed objects within 10 object streams
 413 named destinations out of 1000 (max. 500000)
 396 words of extra memory for PDF output out of 10000 (max. 10000000)

