\BOOKMARK [0][-]{chapter.1}{\376\377\000M\000a\000i\000n\000\040\000c\000o\000n\000t\000r\000i\000b\000u\000t\000o\000r\000s\000\040\000o\000f\000\040\000t\000h\000i\000s\000\040\000v\000e\000r\000s\000i\000o\000n\000\040\000o\000f\000\040\000t\000h\000e\000\040\000b\000o\000o\000k}{}% 1
\BOOKMARK [0][-]{chapter.2}{\376\377\000A\000c\000k\000n\000o\000w\000l\000e\000d\000g\000m\000e\000n\000t\000s}{}% 2
\BOOKMARK [1][-]{section.2.1}{\376\377\000A\000b\000o\000u\000t\000\040\000t\000h\000i\000s\000\040\000G\000r\000o\000u\000n\000d\000w\000a\000t\000e\000r\000\040\000C\000o\000u\000r\000s\000e\000\040\000a\000n\000d\000\040\000C\000o\000n\000t\000e\000n\000t\000s}{chapter.2}% 3
\BOOKMARK [1][-]{section.2.2}{\376\377\000L\000e\000c\000t\000u\000r\000e\000\040\0001\000\040\000-\000\040\000C\000o\000u\000r\000s\000e\000\040\000I\000n\000t\000r\000o\000d\000u\000c\000t\000i\000o\000n\000/\000W\000a\000t\000e\000r\000\040\000C\000y\000c\000l\000e}{chapter.2}% 4
\BOOKMARK [1][-]{section.2.3}{\376\377\000L\000e\000c\000t\000u\000r\000e\000\040\0002\000\040\000-\000\040\000S\000u\000b\000s\000u\000r\000f\000a\000c\000e\000\040\000S\000t\000r\000u\000c\000t\000u\000r\000e}{chapter.2}% 5
\BOOKMARK [1][-]{section.2.4}{\376\377\000L\000e\000c\000t\000u\000r\000e\000\040\0003\000-\000\040\000G\000r\000o\000u\000n\000d\000w\000a\000t\000e\000r\000\040\000a\000s\000\040\000a\000\040\000r\000e\000s\000e\000r\000v\000o\000i\000r}{chapter.2}% 6
\BOOKMARK [1][-]{section.2.5}{\376\377\000L\000e\000c\000t\000u\000r\000e\000\040\0004\000\040\000-\000\040\000D\000a\000r\000c\000y\040\031\000s\000\040\000L\000a\000w\000\040\000a\000n\000d\000\040\000C\000o\000n\000d\000u\000c\000t\000i\000v\000i\000t\000y}{chapter.2}% 7
\BOOKMARK [1][-]{section.2.6}{\376\377\000L\000e\000c\000t\000u\000r\000e\000\040\0005\000.\000\040\000A\000q\000u\000i\000f\000e\000r\000\040\000H\000e\000t\000e\000r\000o\000g\000e\000n\000e\000i\000t\000y\000\040\000a\000n\000d\000\040\000A\000n\000i\000s\000o\000t\000r\000o\000p\000y}{chapter.2}% 8
\BOOKMARK [1][-]{section.2.7}{\376\377\000L\000e\000c\000t\000u\000r\000e\000\040\0006\000:\000\040\000S\000t\000e\000a\000d\000y\000-\000S\000t\000a\000t\000e\000\040\000G\000r\000o\000u\000n\000d\000w\000a\000t\000e\000r\000\040\000f\000l\000o\000w\000\040\000i\000n\000\040\0003\000D}{chapter.2}% 9
\BOOKMARK [1][-]{section.2.8}{\376\377\000T\000u\000t\000o\000r\000i\000a\000l\000\040\0001\000\040\000-\000\040\000P\000y\000t\000h\000o\000n\000\040\000P\000r\000o\000g\000r\000a\000m\000m\000i\000n\000g\000\040\000l\000a\000n\000g\000u\000a\000g\000e}{chapter.2}% 10
\BOOKMARK [1][-]{section.2.9}{\376\377\000T\000u\000t\000o\000r\000i\000a\000l\000\040\0001\000\040\000-\000\040\000J\000U\000P\000Y\000T\000E\000R\000\040\000N\000o\000t\000e\000b\000o\000o\000k\000\040\000I\000n\000t\000e\000r\000f\000a\000c\000e\000\040\000f\000o\000r\000\040\000P\000y\000t\000h\000o\000n}{chapter.2}% 11
\BOOKMARK [1][-]{section.2.10}{\376\377\000I\000n\000s\000t\000a\000l\000l\000i\000n\000g\000\040\000P\000y\000t\000h\000o\000n\000\040\000a\000n\000d\000\040\000J\000U\000P\000Y\000T\000E\000R\000\040\000n\000o\000t\000e\000b\000o\000o\000k\000\040\000i\000n\000\040\000y\000o\000u\000r\000\040\000s\000y\000s\000t\000e\000m}{chapter.2}% 12
\BOOKMARK [1][-]{section.2.11}{\376\377\000T\000u\000t\000o\000r\000i\000a\000l\000\040\0002\000\040\000-\000\040\000A\000q\000u\000i\000f\000e\000r\000\040\000a\000n\000d\000\040\000S\000t\000o\000r\000a\000g\000e\000\040\000P\000r\000o\000p\000e\000r\000t\000i\000e\000s}{chapter.2}% 13
\BOOKMARK [1][-]{section.2.12}{\376\377\000T\000u\000t\000o\000r\000i\000a\000l\000\040\0003\000\040\000-\000\040\000D\000a\000r\000c\000y\000\040\000L\000a\000w\000\040\000a\000n\000d\000\040\000C\000o\000n\000d\000u\000c\000t\000i\000v\000i\000t\000y}{chapter.2}% 14
\BOOKMARK [1][-]{section.2.13}{\376\377\000T\000u\000t\000o\000r\000i\000a\000l\000\040\0004\000\040\000-\000\040\000E\000f\000f\000e\000c\000t\000i\000v\000e\000\040\000K\000\040\000\046\000\040\000R\000e\000c\000i\000t\000a\000t\000i\000o\000n}{chapter.2}% 15
\BOOKMARK [1][-]{section.2.14}{\376\377\000T\000u\000t\000o\000r\000i\000a\000l\000\040\0005\000\040\000-\000\040\000T\000u\000t\000o\000r\000i\000a\000l\000\040\000p\000r\000o\000b\000l\000e\000m\000s\000\040\000a\000q\000u\000i\000f\000e\000r\000\040\000h\000e\000t\000e\000r\000o\000g\000e\000n\000e\000i\000t\000y\000/\000a\000n\000i\000s\000o\000t\000r\000o\000p\000y}{chapter.2}% 16
\BOOKMARK [1][-]{section.2.15}{\376\377\000S\000i\000m\000u\000l\000a\000t\000i\000n\000g\000\040\000M\000a\000s\000s\000\040\000B\000u\000d\000g\000e\000t}{chapter.2}% 17
\BOOKMARK [1][-]{section.2.16}{\376\377\000S\000i\000m\000u\000l\000a\000t\000i\000n\000g\000\040\000S\000e\000i\000v\000e\000\040\000A\000n\000a\000l\000y\000s\000i\000s}{chapter.2}% 18
\BOOKMARK [1][-]{section.2.17}{\376\377\000S\000i\000m\000u\000l\000a\000t\000i\000n\000g\000\040\000E\000f\000f\000e\000c\000t\000i\000v\000e\000\040\000h\000y\000d\000r\000a\000u\000l\000i\000c\000\040\000c\000o\000n\000d\000u\000c\000t\000i\000v\000i\000t\000y}{chapter.2}% 19
\BOOKMARK [1][-]{section.2.18}{\376\377\000U\000n\000i\000f\000o\000r\000m\000\040\000F\000l\000o\000w\000\040\000a\000n\000d\000\040\000W\000e\000l\000l\000*}{chapter.2}% 20
\BOOKMARK [1][-]{section.2.19}{\376\377\000S\000i\000m\000u\000l\000a\000t\000i\000n\000g\000\040\000t\000h\000e\000\040\000A\000n\000i\000s\000o\000t\000r\000o\000p\000y\000\040\000a\000n\000d\000\040\000f\000l\000o\000w\000\040\000d\000i\000r\000e\000c\000t\000i\000o\000n}{chapter.2}% 21
\BOOKMARK [1][-]{section.2.20}{\376\377\000G\000r\000o\000u\000n\000d\000w\000a\000t\000e\000r\000\040\000E\000x\000a\000m\000\040\000S\000o\000l\000u\000t\000i\000o\000n\000\040\000-\000\040\0002\0000\0001\0009\000-\0002\0000\0002\0000}{chapter.2}% 22
